#
# There is insufficient memory for the Java Runtime Environment to continue.
# Native memory allocation (mmap) failed to map 65536 bytes for Failed to commit metaspace.
# Possible reasons:
#   The system is out of physical RAM or swap space
#   The process is running with CompressedOops enabled, and the Java Heap may be blocking the growth of the native heap
# Possible solutions:
#   Reduce memory load on the system
#   Increase physical memory or swap space
#   Check if swap backing store is full
#   Decrease Java heap size (-Xmx/-Xms)
#   Decrease number of Java threads
#   Decrease Java thread stack sizes (-Xss)
#   Set larger code cache with -XX:ReservedCodeCacheSize=
#   JVM is running with Unscaled Compressed Oops mode in which the Java heap is
#     placed in the first 4GB address space. The Java Heap base address is the
#     maximum limit for the native heap growth. Please use -XX:HeapBaseMinAddress
#     to set the Java Heap base and to place the Java Heap above 4GB virtual address.
# This output file may be truncated or incomplete.
#
#  Out of Memory Error (virtualSpaceNode.cpp:110), pid=47388, tid=49144
#
# JRE version: OpenJDK Runtime Environment Temurin-17.0.8.1+1 (17.0.8.1+1) (build 17.0.8.1+1)
# Java VM: OpenJDK 64-Bit Server VM Temurin-17.0.8.1+1 (17.0.8.1+1, mixed mode, tiered, compressed oops, compressed class ptrs, g1 gc, windows-amd64)
# No core dump will be written. Minidumps are not enabled by default on client versions of Windows
#

---------------  S U M M A R Y ------------

Command Line: -XX:+ShowCodeDetailsInExceptionMessages -agentlib:jdwp=transport=dt_socket,suspend=y,address=localhost:5643 -javaagent:C:\Users\laiho\eclipse\java-2023-06\eclipse\configuration\org.eclipse.osgi\248\0\.cp\lib\javaagent-shaded.jar -Dfile.encoding=UTF-8 --module-path=D:\DEDE\java\HW1\bin -Djdk.module.main=HW1 HW1/CLASS1.Page28

Host: 11th Gen Intel(R) Core(TM) i5-11300H @ 3.10GHz, 8 cores, 7G,  Windows 10 , 64 bit Build 19041 (10.0.19041.3393)
Time: Wed Oct 11 14:34:57 2023  Windows 10 , 64 bit Build 19041 (10.0.19041.3393) elapsed time: 1.051403 seconds (0d 0h 0m 1s)

---------------  T H R E A D  ---------------

Current thread (0x00000223740d9be0):  JavaThread "main" [_thread_in_vm, id=49144, stack(0x0000002e24500000,0x0000002e24600000)]

Stack: [0x0000002e24500000,0x0000002e24600000]
Native frames: (J=compiled Java code, j=interpreted, Vv=VM code, C=native code)
V  [jvm.dll+0x678b0a]
V  [jvm.dll+0x835e84]
V  [jvm.dll+0x83762e]
V  [jvm.dll+0x837c93]
V  [jvm.dll+0x24746f]
V  [jvm.dll+0x831f1b]
V  [jvm.dll+0x61d3c6]
V  [jvm.dll+0x61d42a]
V  [jvm.dll+0x61fc5a]
V  [jvm.dll+0x61dd66]
V  [jvm.dll+0x244dbc]
V  [jvm.dll+0x6cf82d]
V  [jvm.dll+0x6d025f]
V  [jvm.dll+0x3729d3]
V  [jvm.dll+0x371a74]
V  [jvm.dll+0x371a18]
V  [jvm.dll+0x55f72f]
V  [jvm.dll+0x55f7d8]
V  [jvm.dll+0x3854bb]
V  [jvm.dll+0x384f72]
C  0x0000022307551135

Java frames: (J=compiled Java code, j=interpreted, Vv=VM code)
j  java.lang.invoke.InvokerBytecodeGenerator.lookupPregenerated(Ljava/lang/invoke/LambdaForm;Ljava/lang/invoke/MethodType;)Ljava/lang/invoke/MemberName;+17 java.base@17.0.8.1
j  java.lang.invoke.InvokerBytecodeGenerator.generateCustomizedCode(Ljava/lang/invoke/LambdaForm;Ljava/lang/invoke/MethodType;)Ljava/lang/invoke/MemberName;+2 java.base@17.0.8.1
j  java.lang.invoke.LambdaForm.compileToBytecode()V+69 java.base@17.0.8.1
j  java.lang.invoke.DirectMethodHandle.makePreparedLambdaForm(Ljava/lang/invoke/MethodType;I)Ljava/lang/invoke/LambdaForm;+792 java.base@17.0.8.1
j  java.lang.invoke.DirectMethodHandle.preparedLambdaForm(Ljava/lang/invoke/MethodType;I)Ljava/lang/invoke/LambdaForm;+17 java.base@17.0.8.1
j  java.lang.invoke.DirectMethodHandle.preparedLambdaForm(Ljava/lang/invoke/MemberName;Z)Ljava/lang/invoke/LambdaForm;+159 java.base@17.0.8.1
j  java.lang.invoke.DirectMethodHandle.preparedLambdaForm(Ljava/lang/invoke/MemberName;)Ljava/lang/invoke/LambdaForm;+2 java.base@17.0.8.1
j  java.lang.invoke.DirectMethodHandle.make(BLjava/lang/Class;Ljava/lang/invoke/MemberName;Ljava/lang/Class;)Ljava/lang/invoke/DirectMethodHandle;+163 java.base@17.0.8.1
j  java.lang.invoke.MethodHandles$Lookup.getDirectMethodCommon(BLjava/lang/Class;Ljava/lang/invoke/MemberName;ZZLjava/lang/invoke/MethodHandles$Lookup;)Ljava/lang/invoke/MethodHandle;+210 java.base@17.0.8.1
j  java.lang.invoke.MethodHandles$Lookup.getDirectMethodNoSecurityManager(BLjava/lang/Class;Ljava/lang/invoke/MemberName;Ljava/lang/invoke/MethodHandles$Lookup;)Ljava/lang/invoke/MethodHandle;+14 java.base@17.0.8.1
j  java.lang.invoke.MethodHandles$Lookup.getDirectMethodForConstant(BLjava/lang/Class;Ljava/lang/invoke/MemberName;)Ljava/lang/invoke/MethodHandle;+31 java.base@17.0.8.1
j  java.lang.invoke.MethodHandles$Lookup.linkMethodHandleConstant(BLjava/lang/Class;Ljava/lang/String;Ljava/lang/Object;)Ljava/lang/invoke/MethodHandle;+153 java.base@17.0.8.1
j  java.lang.invoke.MethodHandleNatives.linkMethodHandleConstant(Ljava/lang/Class;ILjava/lang/Class;Ljava/lang/String;Ljava/lang/Object;)Ljava/lang/invoke/MethodHandle;+38 java.base@17.0.8.1
v  ~StubRoutines::call_stub
j  java.lang.module.ModuleFinder$2.find(Ljava/lang/String;)Ljava/util/Optional;+33 java.base@17.0.8.1
j  java.lang.module.Resolver.findWithBeforeFinder(Ljava/lang/String;)Ljava/lang/module/ModuleReference;+5 java.base@17.0.8.1
j  java.lang.module.Resolver.resolve(Ljava/util/Collection;)Ljava/lang/module/Resolver;+38 java.base@17.0.8.1
j  java.lang.module.Configuration.resolveAndBind(Ljava/lang/module/ModuleFinder;Ljava/util/Collection;Ljava/io/PrintStream;)Ljava/lang/module/Configuration;+29 java.base@17.0.8.1
j  java.lang.module.ModuleDescriptor$1.resolveAndBind(Ljava/lang/module/ModuleFinder;Ljava/util/Collection;Ljava/io/PrintStream;)Ljava/lang/module/Configuration;+3 java.base@17.0.8.1
j  jdk.internal.module.Modules.newBootLayerConfiguration(Ljava/lang/module/ModuleFinder;Ljava/util/Collection;Ljava/io/PrintStream;)Ljava/lang/module/Configuration;+6 java.base@17.0.8.1
j  jdk.internal.module.ModuleBootstrap.boot2()Ljava/lang/ModuleLayer;+896 java.base@17.0.8.1
j  jdk.internal.module.ModuleBootstrap.boot()Ljava/lang/ModuleLayer;+64 java.base@17.0.8.1
j  java.lang.System.initPhase2(ZZ)I+0 java.base@17.0.8.1
v  ~StubRoutines::call_stub

---------------  P R O C E S S  ---------------

Threads class SMR info:
_java_thread_list=0x000002237eef56e0, length=10, elements={
0x00000223740d9be0, 0x000002237ee9d3e0, 0x000002237ee9ea60, 0x000002237eed9600,
0x000002237eed9ed0, 0x000002237eeda7a0, 0x000002237eedb070, 0x000002237eeb5b40,
0x000002237ef5dbc0, 0x000002237ef7a860
}

Java Threads: ( => current thread )
=>0x00000223740d9be0 JavaThread "main" [_thread_in_vm, id=49144, stack(0x0000002e24500000,0x0000002e24600000)]
  0x000002237ee9d3e0 JavaThread "Reference Handler" daemon [_thread_blocked, id=50748, stack(0x0000002e24c00000,0x0000002e24d00000)]
  0x000002237ee9ea60 JavaThread "Finalizer" daemon [_thread_blocked, id=50784, stack(0x0000002e24d00000,0x0000002e24e00000)]
  0x000002237eed9600 JavaThread "Signal Dispatcher" daemon [_thread_blocked, id=50936, stack(0x0000002e24e00000,0x0000002e24f00000)]
  0x000002237eed9ed0 JavaThread "Attach Listener" daemon [_thread_blocked, id=50940, stack(0x0000002e24f00000,0x0000002e25000000)]
  0x000002237eeda7a0 JavaThread "Service Thread" daemon [_thread_blocked, id=50944, stack(0x0000002e25000000,0x0000002e25100000)]
  0x000002237eedb070 JavaThread "Monitor Deflation Thread" daemon [_thread_blocked, id=50948, stack(0x0000002e25100000,0x0000002e25200000)]
  0x000002237eeb5b40 JavaThread "C2 CompilerThread0" daemon [_thread_blocked, id=50952, stack(0x0000002e25200000,0x0000002e25300000)]
  0x000002237ef5dbc0 JavaThread "C1 CompilerThread0" daemon [_thread_blocked, id=50956, stack(0x0000002e25300000,0x0000002e25400000)]
  0x000002237ef7a860 JavaThread "Sweeper thread" daemon [_thread_blocked, id=50960, stack(0x0000002e25400000,0x0000002e25500000)]

Other Threads:
  0x000002237ee78060 VMThread "VM Thread" [stack: 0x0000002e24b00000,0x0000002e24c00000] [id=50648]
  0x000002237410ec30 GCTaskThread "GC Thread#0" [stack: 0x0000002e24600000,0x0000002e24700000] [id=50596]
  0x000002237411ba30 ConcurrentGCThread "G1 Main Marker" [stack: 0x0000002e24700000,0x0000002e24800000] [id=50600]
  0x000002237411d100 ConcurrentGCThread "G1 Conc#0" [stack: 0x0000002e24800000,0x0000002e24900000] [id=50604]
  0x000002237c43a9b0 ConcurrentGCThread "G1 Refine#0" [stack: 0x0000002e24900000,0x0000002e24a00000] [id=50632]
  0x000002237c43c300 ConcurrentGCThread "G1 Service" [stack: 0x0000002e24a00000,0x0000002e24b00000] [id=50636]

Threads with active compile tasks:

VM state: not at safepoint (normal execution)

VM Mutex/Monitor currently owned by a thread:  ([mutex/lock_event])
[0x00000223740d5170] Metaspace_lock - owner thread: 0x00000223740d9be0

Heap address: 0x0000000084c00000, size: 1972 MB, Compressed Oops mode: 32-bit

CDS archive(s) not mapped
Compressed class space mapped at: 0x0000000100000000-0x0000000140000000, reserved size: 1073741824
Narrow klass base: 0x0000000000000000, Narrow klass shift: 3, Narrow klass range: 0x140000000

GC Precious Log:
 CPUs: 8 total, 8 available
 Memory: 7883M
 Large Page Support: Disabled
 NUMA Support: Disabled
 Compressed Oops: Enabled (32-bit)
 Heap Region Size: 1M
 Heap Min Capacity: 8M
 Heap Initial Capacity: 124M
 Heap Max Capacity: 1972M
 Pre-touch: Disabled
 Parallel Workers: 8
 Concurrent Workers: 2
 Concurrent Refinement Workers: 8
 Periodic GC: Disabled

Heap:
 garbage-first heap   total 126976K, used 1024K [0x0000000084c00000, 0x0000000100000000)
  region size 1024K, 2 young (2048K), 0 survivors (0K)
 Metaspace       used 4296K, committed 4352K, reserved 1114112K
  class space    used 329K, committed 384K, reserved 1048576K

Heap Regions: E=young(eden), S=young(survivor), O=old, HS=humongous(starts), HC=humongous(continues), CS=collection set, F=free, OA=open archive, CA=closed archive, TAMS=top-at-mark-start (previous, next)
|   0|0x0000000084c00000, 0x0000000084c00000, 0x0000000084d00000|  0%| F|  |TAMS 0x0000000084c00000, 0x0000000084c00000| Untracked 
|   1|0x0000000084d00000, 0x0000000084d00000, 0x0000000084e00000|  0%| F|  |TAMS 0x0000000084d00000, 0x0000000084d00000| Untracked 
|   2|0x0000000084e00000, 0x0000000084e00000, 0x0000000084f00000|  0%| F|  |TAMS 0x0000000084e00000, 0x0000000084e00000| Untracked 
|   3|0x0000000084f00000, 0x0000000084f00000, 0x0000000085000000|  0%| F|  |TAMS 0x0000000084f00000, 0x0000000084f00000| Untracked 
|   4|0x0000000085000000, 0x0000000085000000, 0x0000000085100000|  0%| F|  |TAMS 0x0000000085000000, 0x0000000085000000| Untracked 
|   5|0x0000000085100000, 0x0000000085100000, 0x0000000085200000|  0%| F|  |TAMS 0x0000000085100000, 0x0000000085100000| Untracked 
|   6|0x0000000085200000, 0x0000000085200000, 0x0000000085300000|  0%| F|  |TAMS 0x0000000085200000, 0x0000000085200000| Untracked 
|   7|0x0000000085300000, 0x0000000085300000, 0x0000000085400000|  0%| F|  |TAMS 0x0000000085300000, 0x0000000085300000| Untracked 
|   8|0x0000000085400000, 0x0000000085400000, 0x0000000085500000|  0%| F|  |TAMS 0x0000000085400000, 0x0000000085400000| Untracked 
|   9|0x0000000085500000, 0x0000000085500000, 0x0000000085600000|  0%| F|  |TAMS 0x0000000085500000, 0x0000000085500000| Untracked 
|  10|0x0000000085600000, 0x0000000085600000, 0x0000000085700000|  0%| F|  |TAMS 0x0000000085600000, 0x0000000085600000| Untracked 
|  11|0x0000000085700000, 0x0000000085700000, 0x0000000085800000|  0%| F|  |TAMS 0x0000000085700000, 0x0000000085700000| Untracked 
|  12|0x0000000085800000, 0x0000000085800000, 0x0000000085900000|  0%| F|  |TAMS 0x0000000085800000, 0x0000000085800000| Untracked 
|  13|0x0000000085900000, 0x0000000085900000, 0x0000000085a00000|  0%| F|  |TAMS 0x0000000085900000, 0x0000000085900000| Untracked 
|  14|0x0000000085a00000, 0x0000000085a00000, 0x0000000085b00000|  0%| F|  |TAMS 0x0000000085a00000, 0x0000000085a00000| Untracked 
|  15|0x0000000085b00000, 0x0000000085b00000, 0x0000000085c00000|  0%| F|  |TAMS 0x0000000085b00000, 0x0000000085b00000| Untracked 
|  16|0x0000000085c00000, 0x0000000085c00000, 0x0000000085d00000|  0%| F|  |TAMS 0x0000000085c00000, 0x0000000085c00000| Untracked 
|  17|0x0000000085d00000, 0x0000000085d00000, 0x0000000085e00000|  0%| F|  |TAMS 0x0000000085d00000, 0x0000000085d00000| Untracked 
|  18|0x0000000085e00000, 0x0000000085e00000, 0x0000000085f00000|  0%| F|  |TAMS 0x0000000085e00000, 0x0000000085e00000| Untracked 
|  19|0x0000000085f00000, 0x0000000085f00000, 0x0000000086000000|  0%| F|  |TAMS 0x0000000085f00000, 0x0000000085f00000| Untracked 
|  20|0x0000000086000000, 0x0000000086000000, 0x0000000086100000|  0%| F|  |TAMS 0x0000000086000000, 0x0000000086000000| Untracked 
|  21|0x0000000086100000, 0x0000000086100000, 0x0000000086200000|  0%| F|  |TAMS 0x0000000086100000, 0x0000000086100000| Untracked 
|  22|0x0000000086200000, 0x0000000086200000, 0x0000000086300000|  0%| F|  |TAMS 0x0000000086200000, 0x0000000086200000| Untracked 
|  23|0x0000000086300000, 0x0000000086300000, 0x0000000086400000|  0%| F|  |TAMS 0x0000000086300000, 0x0000000086300000| Untracked 
|  24|0x0000000086400000, 0x0000000086400000, 0x0000000086500000|  0%| F|  |TAMS 0x0000000086400000, 0x0000000086400000| Untracked 
|  25|0x0000000086500000, 0x0000000086500000, 0x0000000086600000|  0%| F|  |TAMS 0x0000000086500000, 0x0000000086500000| Untracked 
|  26|0x0000000086600000, 0x0000000086600000, 0x0000000086700000|  0%| F|  |TAMS 0x0000000086600000, 0x0000000086600000| Untracked 
|  27|0x0000000086700000, 0x0000000086700000, 0x0000000086800000|  0%| F|  |TAMS 0x0000000086700000, 0x0000000086700000| Untracked 
|  28|0x0000000086800000, 0x0000000086800000, 0x0000000086900000|  0%| F|  |TAMS 0x0000000086800000, 0x0000000086800000| Untracked 
|  29|0x0000000086900000, 0x0000000086900000, 0x0000000086a00000|  0%| F|  |TAMS 0x0000000086900000, 0x0000000086900000| Untracked 
|  30|0x0000000086a00000, 0x0000000086a00000, 0x0000000086b00000|  0%| F|  |TAMS 0x0000000086a00000, 0x0000000086a00000| Untracked 
|  31|0x0000000086b00000, 0x0000000086b00000, 0x0000000086c00000|  0%| F|  |TAMS 0x0000000086b00000, 0x0000000086b00000| Untracked 
|  32|0x0000000086c00000, 0x0000000086c00000, 0x0000000086d00000|  0%| F|  |TAMS 0x0000000086c00000, 0x0000000086c00000| Untracked 
|  33|0x0000000086d00000, 0x0000000086d00000, 0x0000000086e00000|  0%| F|  |TAMS 0x0000000086d00000, 0x0000000086d00000| Untracked 
|  34|0x0000000086e00000, 0x0000000086e00000, 0x0000000086f00000|  0%| F|  |TAMS 0x0000000086e00000, 0x0000000086e00000| Untracked 
|  35|0x0000000086f00000, 0x0000000086f00000, 0x0000000087000000|  0%| F|  |TAMS 0x0000000086f00000, 0x0000000086f00000| Untracked 
|  36|0x0000000087000000, 0x0000000087000000, 0x0000000087100000|  0%| F|  |TAMS 0x0000000087000000, 0x0000000087000000| Untracked 
|  37|0x0000000087100000, 0x0000000087100000, 0x0000000087200000|  0%| F|  |TAMS 0x0000000087100000, 0x0000000087100000| Untracked 
|  38|0x0000000087200000, 0x0000000087200000, 0x0000000087300000|  0%| F|  |TAMS 0x0000000087200000, 0x0000000087200000| Untracked 
|  39|0x0000000087300000, 0x0000000087300000, 0x0000000087400000|  0%| F|  |TAMS 0x0000000087300000, 0x0000000087300000| Untracked 
|  40|0x0000000087400000, 0x0000000087400000, 0x0000000087500000|  0%| F|  |TAMS 0x0000000087400000, 0x0000000087400000| Untracked 
|  41|0x0000000087500000, 0x0000000087500000, 0x0000000087600000|  0%| F|  |TAMS 0x0000000087500000, 0x0000000087500000| Untracked 
|  42|0x0000000087600000, 0x0000000087600000, 0x0000000087700000|  0%| F|  |TAMS 0x0000000087600000, 0x0000000087600000| Untracked 
|  43|0x0000000087700000, 0x0000000087700000, 0x0000000087800000|  0%| F|  |TAMS 0x0000000087700000, 0x0000000087700000| Untracked 
|  44|0x0000000087800000, 0x0000000087800000, 0x0000000087900000|  0%| F|  |TAMS 0x0000000087800000, 0x0000000087800000| Untracked 
|  45|0x0000000087900000, 0x0000000087900000, 0x0000000087a00000|  0%| F|  |TAMS 0x0000000087900000, 0x0000000087900000| Untracked 
|  46|0x0000000087a00000, 0x0000000087a00000, 0x0000000087b00000|  0%| F|  |TAMS 0x0000000087a00000, 0x0000000087a00000| Untracked 
|  47|0x0000000087b00000, 0x0000000087b00000, 0x0000000087c00000|  0%| F|  |TAMS 0x0000000087b00000, 0x0000000087b00000| Untracked 
|  48|0x0000000087c00000, 0x0000000087c00000, 0x0000000087d00000|  0%| F|  |TAMS 0x0000000087c00000, 0x0000000087c00000| Untracked 
|  49|0x0000000087d00000, 0x0000000087d00000, 0x0000000087e00000|  0%| F|  |TAMS 0x0000000087d00000, 0x0000000087d00000| Untracked 
|  50|0x0000000087e00000, 0x0000000087e00000, 0x0000000087f00000|  0%| F|  |TAMS 0x0000000087e00000, 0x0000000087e00000| Untracked 
|  51|0x0000000087f00000, 0x0000000087f00000, 0x0000000088000000|  0%| F|  |TAMS 0x0000000087f00000, 0x0000000087f00000| Untracked 
|  52|0x0000000088000000, 0x0000000088000000, 0x0000000088100000|  0%| F|  |TAMS 0x0000000088000000, 0x0000000088000000| Untracked 
|  53|0x0000000088100000, 0x0000000088100000, 0x0000000088200000|  0%| F|  |TAMS 0x0000000088100000, 0x0000000088100000| Untracked 
|  54|0x0000000088200000, 0x0000000088200000, 0x0000000088300000|  0%| F|  |TAMS 0x0000000088200000, 0x0000000088200000| Untracked 
|  55|0x0000000088300000, 0x0000000088300000, 0x0000000088400000|  0%| F|  |TAMS 0x0000000088300000, 0x0000000088300000| Untracked 
|  56|0x0000000088400000, 0x0000000088400000, 0x0000000088500000|  0%| F|  |TAMS 0x0000000088400000, 0x0000000088400000| Untracked 
|  57|0x0000000088500000, 0x0000000088500000, 0x0000000088600000|  0%| F|  |TAMS 0x0000000088500000, 0x0000000088500000| Untracked 
|  58|0x0000000088600000, 0x0000000088600000, 0x0000000088700000|  0%| F|  |TAMS 0x0000000088600000, 0x0000000088600000| Untracked 
|  59|0x0000000088700000, 0x0000000088700000, 0x0000000088800000|  0%| F|  |TAMS 0x0000000088700000, 0x0000000088700000| Untracked 
|  60|0x0000000088800000, 0x0000000088800000, 0x0000000088900000|  0%| F|  |TAMS 0x0000000088800000, 0x0000000088800000| Untracked 
|  61|0x0000000088900000, 0x0000000088900000, 0x0000000088a00000|  0%| F|  |TAMS 0x0000000088900000, 0x0000000088900000| Untracked 
|  62|0x0000000088a00000, 0x0000000088a00000, 0x0000000088b00000|  0%| F|  |TAMS 0x0000000088a00000, 0x0000000088a00000| Untracked 
|  63|0x0000000088b00000, 0x0000000088b00000, 0x0000000088c00000|  0%| F|  |TAMS 0x0000000088b00000, 0x0000000088b00000| Untracked 
|  64|0x0000000088c00000, 0x0000000088c00000, 0x0000000088d00000|  0%| F|  |TAMS 0x0000000088c00000, 0x0000000088c00000| Untracked 
|  65|0x0000000088d00000, 0x0000000088d00000, 0x0000000088e00000|  0%| F|  |TAMS 0x0000000088d00000, 0x0000000088d00000| Untracked 
|  66|0x0000000088e00000, 0x0000000088e00000, 0x0000000088f00000|  0%| F|  |TAMS 0x0000000088e00000, 0x0000000088e00000| Untracked 
|  67|0x0000000088f00000, 0x0000000088f00000, 0x0000000089000000|  0%| F|  |TAMS 0x0000000088f00000, 0x0000000088f00000| Untracked 
|  68|0x0000000089000000, 0x0000000089000000, 0x0000000089100000|  0%| F|  |TAMS 0x0000000089000000, 0x0000000089000000| Untracked 
|  69|0x0000000089100000, 0x0000000089100000, 0x0000000089200000|  0%| F|  |TAMS 0x0000000089100000, 0x0000000089100000| Untracked 
|  70|0x0000000089200000, 0x0000000089200000, 0x0000000089300000|  0%| F|  |TAMS 0x0000000089200000, 0x0000000089200000| Untracked 
|  71|0x0000000089300000, 0x0000000089300000, 0x0000000089400000|  0%| F|  |TAMS 0x0000000089300000, 0x0000000089300000| Untracked 
|  72|0x0000000089400000, 0x0000000089400000, 0x0000000089500000|  0%| F|  |TAMS 0x0000000089400000, 0x0000000089400000| Untracked 
|  73|0x0000000089500000, 0x0000000089500000, 0x0000000089600000|  0%| F|  |TAMS 0x0000000089500000, 0x0000000089500000| Untracked 
|  74|0x0000000089600000, 0x0000000089600000, 0x0000000089700000|  0%| F|  |TAMS 0x0000000089600000, 0x0000000089600000| Untracked 
|  75|0x0000000089700000, 0x0000000089700000, 0x0000000089800000|  0%| F|  |TAMS 0x0000000089700000, 0x0000000089700000| Untracked 
|  76|0x0000000089800000, 0x0000000089800000, 0x0000000089900000|  0%| F|  |TAMS 0x0000000089800000, 0x0000000089800000| Untracked 
|  77|0x0000000089900000, 0x0000000089900000, 0x0000000089a00000|  0%| F|  |TAMS 0x0000000089900000, 0x0000000089900000| Untracked 
|  78|0x0000000089a00000, 0x0000000089a00000, 0x0000000089b00000|  0%| F|  |TAMS 0x0000000089a00000, 0x0000000089a00000| Untracked 
|  79|0x0000000089b00000, 0x0000000089b00000, 0x0000000089c00000|  0%| F|  |TAMS 0x0000000089b00000, 0x0000000089b00000| Untracked 
|  80|0x0000000089c00000, 0x0000000089c00000, 0x0000000089d00000|  0%| F|  |TAMS 0x0000000089c00000, 0x0000000089c00000| Untracked 
|  81|0x0000000089d00000, 0x0000000089d00000, 0x0000000089e00000|  0%| F|  |TAMS 0x0000000089d00000, 0x0000000089d00000| Untracked 
|  82|0x0000000089e00000, 0x0000000089e00000, 0x0000000089f00000|  0%| F|  |TAMS 0x0000000089e00000, 0x0000000089e00000| Untracked 
|  83|0x0000000089f00000, 0x0000000089f00000, 0x000000008a000000|  0%| F|  |TAMS 0x0000000089f00000, 0x0000000089f00000| Untracked 
|  84|0x000000008a000000, 0x000000008a000000, 0x000000008a100000|  0%| F|  |TAMS 0x000000008a000000, 0x000000008a000000| Untracked 
|  85|0x000000008a100000, 0x000000008a100000, 0x000000008a200000|  0%| F|  |TAMS 0x000000008a100000, 0x000000008a100000| Untracked 
|  86|0x000000008a200000, 0x000000008a200000, 0x000000008a300000|  0%| F|  |TAMS 0x000000008a200000, 0x000000008a200000| Untracked 
|  87|0x000000008a300000, 0x000000008a300000, 0x000000008a400000|  0%| F|  |TAMS 0x000000008a300000, 0x000000008a300000| Untracked 
|  88|0x000000008a400000, 0x000000008a400000, 0x000000008a500000|  0%| F|  |TAMS 0x000000008a400000, 0x000000008a400000| Untracked 
|  89|0x000000008a500000, 0x000000008a500000, 0x000000008a600000|  0%| F|  |TAMS 0x000000008a500000, 0x000000008a500000| Untracked 
|  90|0x000000008a600000, 0x000000008a600000, 0x000000008a700000|  0%| F|  |TAMS 0x000000008a600000, 0x000000008a600000| Untracked 
|  91|0x000000008a700000, 0x000000008a700000, 0x000000008a800000|  0%| F|  |TAMS 0x000000008a700000, 0x000000008a700000| Untracked 
|  92|0x000000008a800000, 0x000000008a800000, 0x000000008a900000|  0%| F|  |TAMS 0x000000008a800000, 0x000000008a800000| Untracked 
|  93|0x000000008a900000, 0x000000008a900000, 0x000000008aa00000|  0%| F|  |TAMS 0x000000008a900000, 0x000000008a900000| Untracked 
|  94|0x000000008aa00000, 0x000000008aa00000, 0x000000008ab00000|  0%| F|  |TAMS 0x000000008aa00000, 0x000000008aa00000| Untracked 
|  95|0x000000008ab00000, 0x000000008ab00000, 0x000000008ac00000|  0%| F|  |TAMS 0x000000008ab00000, 0x000000008ab00000| Untracked 
|  96|0x000000008ac00000, 0x000000008ac00000, 0x000000008ad00000|  0%| F|  |TAMS 0x000000008ac00000, 0x000000008ac00000| Untracked 
|  97|0x000000008ad00000, 0x000000008ad00000, 0x000000008ae00000|  0%| F|  |TAMS 0x000000008ad00000, 0x000000008ad00000| Untracked 
|  98|0x000000008ae00000, 0x000000008ae00000, 0x000000008af00000|  0%| F|  |TAMS 0x000000008ae00000, 0x000000008ae00000| Untracked 
|  99|0x000000008af00000, 0x000000008af00000, 0x000000008b000000|  0%| F|  |TAMS 0x000000008af00000, 0x000000008af00000| Untracked 
| 100|0x000000008b000000, 0x000000008b000000, 0x000000008b100000|  0%| F|  |TAMS 0x000000008b000000, 0x000000008b000000| Untracked 
| 101|0x000000008b100000, 0x000000008b100000, 0x000000008b200000|  0%| F|  |TAMS 0x000000008b100000, 0x000000008b100000| Untracked 
| 102|0x000000008b200000, 0x000000008b200000, 0x000000008b300000|  0%| F|  |TAMS 0x000000008b200000, 0x000000008b200000| Untracked 
| 103|0x000000008b300000, 0x000000008b300000, 0x000000008b400000|  0%| F|  |TAMS 0x000000008b300000, 0x000000008b300000| Untracked 
| 104|0x000000008b400000, 0x000000008b400000, 0x000000008b500000|  0%| F|  |TAMS 0x000000008b400000, 0x000000008b400000| Untracked 
| 105|0x000000008b500000, 0x000000008b500000, 0x000000008b600000|  0%| F|  |TAMS 0x000000008b500000, 0x000000008b500000| Untracked 
| 106|0x000000008b600000, 0x000000008b600000, 0x000000008b700000|  0%| F|  |TAMS 0x000000008b600000, 0x000000008b600000| Untracked 
| 107|0x000000008b700000, 0x000000008b700000, 0x000000008b800000|  0%| F|  |TAMS 0x000000008b700000, 0x000000008b700000| Untracked 
| 108|0x000000008b800000, 0x000000008b800000, 0x000000008b900000|  0%| F|  |TAMS 0x000000008b800000, 0x000000008b800000| Untracked 
| 109|0x000000008b900000, 0x000000008b900000, 0x000000008ba00000|  0%| F|  |TAMS 0x000000008b900000, 0x000000008b900000| Untracked 
| 110|0x000000008ba00000, 0x000000008ba00000, 0x000000008bb00000|  0%| F|  |TAMS 0x000000008ba00000, 0x000000008ba00000| Untracked 
| 111|0x000000008bb00000, 0x000000008bb00000, 0x000000008bc00000|  0%| F|  |TAMS 0x000000008bb00000, 0x000000008bb00000| Untracked 
| 112|0x000000008bc00000, 0x000000008bc00000, 0x000000008bd00000|  0%| F|  |TAMS 0x000000008bc00000, 0x000000008bc00000| Untracked 
| 113|0x000000008bd00000, 0x000000008bd00000, 0x000000008be00000|  0%| F|  |TAMS 0x000000008bd00000, 0x000000008bd00000| Untracked 
| 114|0x000000008be00000, 0x000000008be00000, 0x000000008bf00000|  0%| F|  |TAMS 0x000000008be00000, 0x000000008be00000| Untracked 
| 115|0x000000008bf00000, 0x000000008bf00000, 0x000000008c000000|  0%| F|  |TAMS 0x000000008bf00000, 0x000000008bf00000| Untracked 
| 116|0x000000008c000000, 0x000000008c000000, 0x000000008c100000|  0%| F|  |TAMS 0x000000008c000000, 0x000000008c000000| Untracked 
| 117|0x000000008c100000, 0x000000008c100000, 0x000000008c200000|  0%| F|  |TAMS 0x000000008c100000, 0x000000008c100000| Untracked 
| 118|0x000000008c200000, 0x000000008c200000, 0x000000008c300000|  0%| F|  |TAMS 0x000000008c200000, 0x000000008c200000| Untracked 
| 119|0x000000008c300000, 0x000000008c300000, 0x000000008c400000|  0%| F|  |TAMS 0x000000008c300000, 0x000000008c300000| Untracked 
| 120|0x000000008c400000, 0x000000008c400000, 0x000000008c500000|  0%| F|  |TAMS 0x000000008c400000, 0x000000008c400000| Untracked 
| 121|0x000000008c500000, 0x000000008c500000, 0x000000008c600000|  0%| F|  |TAMS 0x000000008c500000, 0x000000008c500000| Untracked 
| 122|0x000000008c600000, 0x000000008c676440, 0x000000008c700000| 46%| E|  |TAMS 0x000000008c600000, 0x000000008c600000| Complete 
| 123|0x000000008c700000, 0x000000008c800000, 0x000000008c800000|100%| E|CS|TAMS 0x000000008c700000, 0x000000008c700000| Complete 

Card table byte_map: [0x0000022377e40000,0x0000022378220000] _byte_map_base: 0x0000022377a1a000

Marking Bits (Prev, Next): (CMBitMap*) 0x000002237410ef00, (CMBitMap*) 0x000002237410ef40
 Prev Bits: [0x0000022378600000, 0x000002237a4d0000)
 Next Bits: [0x000002237a4d0000, 0x000002237c3a0000)

Polling page: 0x0000022371930000

Metaspace:

Usage:
  Non-class:      3.87 MB used.
      Class:    329.74 KB used.
       Both:      4.20 MB used.

Virtual space:
  Non-class space:       64.00 MB reserved,       3.88 MB (  6%) committed,  1 nodes.
      Class space:        1.00 GB reserved,     384.00 KB ( <1%) committed,  1 nodes.
             Both:        1.06 GB reserved,       4.25 MB ( <1%) committed. 

Chunk freelists:
   Non-Class:  12.00 MB
       Class:  15.62 MB
        Both:  27.62 MB

MaxMetaspaceSize: unlimited
CompressedClassSpaceSize: 1.00 GB
Initial GC threshold: 21.00 MB
Current GC threshold: 21.00 MB
CDS: off
MetaspaceReclaimPolicy: balanced
 - commit_granule_bytes: 65536.
 - commit_granule_words: 8192.
 - virtual_space_node_default_size: 8388608.
 - enlarge_chunks_in_place: 1.
 - new_chunks_are_fully_committed: 0.
 - uncommit_free_chunks: 1.
 - use_allocation_guard: 0.
 - handle_deallocations: 1.


Internal statistics:

num_allocs_failed_limit: 0.
num_arena_births: 2.
num_arena_deaths: 0.
num_vsnodes_births: 2.
num_vsnodes_deaths: 0.
num_space_committed: 68.
num_space_uncommitted: 0.
num_chunks_returned_to_freelist: 0.
num_chunks_taken_from_freelist: 4.
num_chunk_merges: 0.
num_chunk_splits: 2.
num_chunks_enlarged: 0.
num_inconsistent_stats: 0.

CodeHeap 'non-profiled nmethods': size=120000Kb used=6Kb max_used=6Kb free=119993Kb
 bounds [0x0000022307ad0000, 0x0000022307d40000, 0x000002230f000000]
CodeHeap 'profiled nmethods': size=120000Kb used=38Kb max_used=38Kb free=119961Kb
 bounds [0x0000022300000000, 0x0000022300270000, 0x0000022307530000]
CodeHeap 'non-nmethods': size=5760Kb used=1137Kb max_used=1137Kb free=4622Kb
 bounds [0x0000022307530000, 0x00000223077a0000, 0x0000022307ad0000]
 total_blobs=352 nmethods=35 adapters=230
 compilation: enabled
              stopped_count=0, restarted_count=0
 full_count=0

Compilation events (20 events):
Event: 0.919 Thread 0x000002237eeb5b40 nmethod 19 0x0000022307ad0410 code [0x0000022307ad0580, 0x0000022307ad05f8]
Event: 0.919 Thread 0x000002237ef5dbc0 nmethod 23 0x0000022307ad0710 code [0x0000022307ad08a0, 0x0000022307ad0978]
Event: 0.920 Thread 0x000002237ef5dbc0   24       1       java.lang.module.ModuleReference::descriptor (5 bytes)
Event: 0.920 Thread 0x000002237ef5dbc0 nmethod 24 0x0000022307ad0a10 code [0x0000022307ad0ba0, 0x0000022307ad0c78]
Event: 0.920 Thread 0x000002237ef5dbc0   25       3       java.util.Objects::equals (23 bytes)
Event: 0.920 Thread 0x000002237ef5dbc0 nmethod 25 0x0000022300007010 code [0x00000223000071c0, 0x0000022300007448]
Event: 0.920 Thread 0x000002237ef5dbc0   26       3       java.net.URI::hash (33 bytes)
Event: 0.920 Thread 0x000002237ef5dbc0 nmethod 26 0x0000022300007510 code [0x0000022300007700, 0x0000022300007bb8]
Event: 1.024 Thread 0x000002237ef5dbc0   27       3       java.lang.String::isEmpty (14 bytes)
Event: 1.024 Thread 0x000002237ef5dbc0 nmethod 27 0x0000022300007d90 code [0x0000022300007f20, 0x0000022300008098]
Event: 1.031 Thread 0x000002237ef5dbc0   29       3       java.util.concurrent.ConcurrentHashMap::tabAt (22 bytes)
Event: 1.031 Thread 0x000002237ef5dbc0 nmethod 29 0x0000022300008190 code [0x0000022300008340, 0x00000223000085f8]
Event: 1.031 Thread 0x000002237ef5dbc0   30       3       jdk.internal.misc.Unsafe::getReferenceAcquire (7 bytes)
Event: 1.031 Thread 0x000002237ef5dbc0 nmethod 30 0x0000022300008710 code [0x00000223000088a0, 0x00000223000089f8]
Event: 1.031 Thread 0x000002237ef5dbc0   33       3       java.util.ImmutableCollections$SetN$SetNIterator::next (90 bytes)
Event: 1.031 Thread 0x000002237ef5dbc0 nmethod 33 0x0000022300008a90 code [0x0000022300008c60, 0x0000022300008f88]
Event: 1.031 Thread 0x000002237ef5dbc0   32       3       java.util.concurrent.ConcurrentHashMap::spread (10 bytes)
Event: 1.031 Thread 0x000002237ef5dbc0 nmethod 32 0x0000022300009110 code [0x00000223000092a0, 0x0000022300009398]
Event: 1.036 Thread 0x000002237ef5dbc0   34       3       java.util.HashMap::hash (20 bytes)
Event: 1.036 Thread 0x000002237ef5dbc0 nmethod 34 0x0000022300009410 code [0x00000223000095c0, 0x00000223000097c8]

GC Heap History (0 events):
No events

Dll operation events (1 events):
Event: 0.483 Loaded shared library C:\Users\laiho\.p2\pool\plugins\org.eclipse.justj.openjdk.hotspot.jre.full.win32.x86_64_17.0.8.v20230831-1047\jre\bin\java.dll

Deoptimization events (0 events):
No events

Classes unloaded (0 events):
No events

Classes redefined (0 events):
No events

Internal exceptions (0 events):
No events

VM Operations (0 events):
No events

Events (20 events):
Event: 1.040 loading class sun/invoke/util/ValueConversions
Event: 1.041 loading class sun/invoke/util/ValueConversions done
Event: 1.041 loading class java/lang/invoke/MethodHandleImpl
Event: 1.042 loading class java/lang/invoke/MethodHandleImpl done
Event: 1.042 loading class java/lang/invoke/Invokers
Event: 1.042 loading class java/lang/invoke/Invokers done
Event: 1.042 loading class java/lang/invoke/LambdaForm$Kind
Event: 1.042 loading class java/lang/invoke/LambdaForm$Kind done
Event: 1.043 loading class java/lang/NoSuchMethodException
Event: 1.043 loading class java/lang/NoSuchMethodException done
Event: 1.043 loading class java/lang/invoke/LambdaForm$BasicType
Event: 1.043 loading class java/lang/invoke/LambdaForm$BasicType done
Event: 1.043 loading class java/lang/invoke/LambdaForm$Name
Event: 1.044 loading class java/lang/invoke/LambdaForm$Name done
Event: 1.044 loading class java/lang/invoke/LambdaForm$Holder
Event: 1.044 loading class java/lang/invoke/LambdaForm$Holder done
Event: 1.044 loading class java/lang/invoke/InvokerBytecodeGenerator
Event: 1.045 loading class java/lang/invoke/InvokerBytecodeGenerator done
Event: 1.045 loading class java/lang/invoke/InvokerBytecodeGenerator$2
Event: 1.045 loading class java/lang/invoke/InvokerBytecodeGenerator$2 done


Dynamic libraries:
0x00007ff758bf0000 - 0x00007ff758bfe000 	C:\Users\laiho\.p2\pool\plugins\org.eclipse.justj.openjdk.hotspot.jre.full.win32.x86_64_17.0.8.v20230831-1047\jre\bin\javaw.exe
0x00007ff8aeff0000 - 0x00007ff8af1e8000 	C:\WINDOWS\SYSTEM32\ntdll.dll
0x00007ff8ad770000 - 0x00007ff8ad82d000 	C:\WINDOWS\System32\KERNEL32.DLL
0x00007ff8ac9f0000 - 0x00007ff8acce6000 	C:\WINDOWS\System32\KERNELBASE.dll
0x00007ff8ace40000 - 0x00007ff8acf40000 	C:\WINDOWS\System32\ucrtbase.dll
0x00007ff8811a0000 - 0x00007ff8811b9000 	C:\Users\laiho\.p2\pool\plugins\org.eclipse.justj.openjdk.hotspot.jre.full.win32.x86_64_17.0.8.v20230831-1047\jre\bin\VCRUNTIME140.dll
0x00007ff881920000 - 0x00007ff881937000 	C:\Users\laiho\.p2\pool\plugins\org.eclipse.justj.openjdk.hotspot.jre.full.win32.x86_64_17.0.8.v20230831-1047\jre\bin\jli.dll
0x00007ff8aebc0000 - 0x00007ff8aed5e000 	C:\WINDOWS\System32\USER32.dll
0x00007ff8acf40000 - 0x00007ff8acf62000 	C:\WINDOWS\System32\win32u.dll
0x00007ff8ae680000 - 0x00007ff8ae6ac000 	C:\WINDOWS\System32\GDI32.dll
0x00007ff8acd20000 - 0x00007ff8ace3a000 	C:\WINDOWS\System32\gdi32full.dll
0x00007ff8ac6d0000 - 0x00007ff8ac76d000 	C:\WINDOWS\System32\msvcp_win.dll
0x00007ff8966e0000 - 0x00007ff89697a000 	C:\WINDOWS\WinSxS\amd64_microsoft.windows.common-controls_6595b64144ccf1df_6.0.19041.1110_none_60b5254171f9507e\COMCTL32.dll
0x00007ff8ae9c0000 - 0x00007ff8aea5e000 	C:\WINDOWS\System32\msvcrt.dll
0x00007ff8ad100000 - 0x00007ff8ad130000 	C:\WINDOWS\System32\IMM32.DLL
0x00007ff89b160000 - 0x00007ff89b2cb000 	C:\WINDOWS\system32\tmumh\20019\AddOn\8.55.0.1134\TmUmEvt64.dll
0x00007ff8aead0000 - 0x00007ff8aead8000 	C:\WINDOWS\System32\PSAPI.DLL
0x00007ff8ad050000 - 0x00007ff8ad0fe000 	C:\WINDOWS\System32\ADVAPI32.dll
0x00007ff8add20000 - 0x00007ff8addbc000 	C:\WINDOWS\System32\sechost.dll
0x00007ff8ae890000 - 0x00007ff8ae9b6000 	C:\WINDOWS\System32\RPCRT4.dll
0x000000006c100000 - 0x000000006c273000 	C:\WINDOWS\system32\tmumh\20019\TmMon\2.9.0.1052\tmmon64.dll
0x00007ff8a3c00000 - 0x00007ff8a3c0c000 	C:\Users\laiho\.p2\pool\plugins\org.eclipse.justj.openjdk.hotspot.jre.full.win32.x86_64_17.0.8.v20230831-1047\jre\bin\vcruntime140_1.dll
0x00007ff880830000 - 0x00007ff8808c1000 	C:\Users\laiho\.p2\pool\plugins\org.eclipse.justj.openjdk.hotspot.jre.full.win32.x86_64_17.0.8.v20230831-1047\jre\bin\msvcp140.dll
0x00007ff844a90000 - 0x00007ff8456dc000 	C:\Users\laiho\.p2\pool\plugins\org.eclipse.justj.openjdk.hotspot.jre.full.win32.x86_64_17.0.8.v20230831-1047\jre\bin\server\jvm.dll
0x00007ff8abc30000 - 0x00007ff8abc7b000 	C:\WINDOWS\SYSTEM32\POWRPROF.dll
0x00007ff8827d0000 - 0x00007ff8827d9000 	C:\WINDOWS\SYSTEM32\WSOCK32.dll
0x00007ff8aea60000 - 0x00007ff8aeacb000 	C:\WINDOWS\System32\WS2_32.dll
0x00007ff8988a0000 - 0x00007ff8988c7000 	C:\WINDOWS\SYSTEM32\WINMM.dll
0x00007ff89fc60000 - 0x00007ff89fc6a000 	C:\WINDOWS\SYSTEM32\VERSION.dll
0x00007ff8abaf0000 - 0x00007ff8abb02000 	C:\WINDOWS\SYSTEM32\UMPDC.dll
0x00007ff8aaef0000 - 0x00007ff8aaf02000 	C:\WINDOWS\SYSTEM32\kernel.appcore.dll
0x00007ff8a5690000 - 0x00007ff8a569a000 	C:\Users\laiho\.p2\pool\plugins\org.eclipse.justj.openjdk.hotspot.jre.full.win32.x86_64_17.0.8.v20230831-1047\jre\bin\jimage.dll
0x00007ff8aa270000 - 0x00007ff8aa454000 	C:\WINDOWS\SYSTEM32\DBGHELP.DLL
0x00007ff898eb0000 - 0x00007ff898ee4000 	C:\WINDOWS\SYSTEM32\dbgcore.DLL
0x00007ff8acf70000 - 0x00007ff8acff2000 	C:\WINDOWS\System32\bcryptPrimitives.dll
0x00007ff8796e0000 - 0x00007ff87971b000 	C:\Users\laiho\.p2\pool\plugins\org.eclipse.justj.openjdk.hotspot.jre.full.win32.x86_64_17.0.8.v20230831-1047\jre\bin\jdwp.dll
0x00007ff898900000 - 0x00007ff89890e000 	C:\Users\laiho\.p2\pool\plugins\org.eclipse.justj.openjdk.hotspot.jre.full.win32.x86_64_17.0.8.v20230831-1047\jre\bin\instrument.dll
0x00007ff88af10000 - 0x00007ff88af35000 	C:\Users\laiho\.p2\pool\plugins\org.eclipse.justj.openjdk.hotspot.jre.full.win32.x86_64_17.0.8.v20230831-1047\jre\bin\java.dll
0x00007ff896030000 - 0x00007ff896048000 	C:\Users\laiho\.p2\pool\plugins\org.eclipse.justj.openjdk.hotspot.jre.full.win32.x86_64_17.0.8.v20230831-1047\jre\bin\zip.dll
0x00007ff8addc0000 - 0x00007ff8ae505000 	C:\WINDOWS\System32\SHELL32.dll
0x00007ff8aa740000 - 0x00007ff8aaedb000 	C:\WINDOWS\SYSTEM32\windows.storage.dll
0x00007ff8ad400000 - 0x00007ff8ad754000 	C:\WINDOWS\System32\combase.dll
0x00007ff8ac110000 - 0x00007ff8ac13e000 	C:\WINDOWS\SYSTEM32\Wldp.dll
0x00007ff8ad2f0000 - 0x00007ff8ad39d000 	C:\WINDOWS\System32\SHCORE.dll
0x00007ff8ae6d0000 - 0x00007ff8ae725000 	C:\WINDOWS\System32\shlwapi.dll
0x00007ff8ac600000 - 0x00007ff8ac625000 	C:\WINDOWS\SYSTEM32\profapi.dll

dbghelp: loaded successfully - version: 4.0.5 - missing functions: none
symbol engine: initialized successfully - sym options: 0x614 - pdb path: .;C:\Users\laiho\.p2\pool\plugins\org.eclipse.justj.openjdk.hotspot.jre.full.win32.x86_64_17.0.8.v20230831-1047\jre\bin;C:\WINDOWS\SYSTEM32;C:\WINDOWS\WinSxS\amd64_microsoft.windows.common-controls_6595b64144ccf1df_6.0.19041.1110_none_60b5254171f9507e;C:\WINDOWS\system32\tmumh\20019\AddOn\8.55.0.1134;C:\WINDOWS\system32\tmumh\20019\TmMon\2.9.0.1052;C:\Users\laiho\.p2\pool\plugins\org.eclipse.justj.openjdk.hotspot.jre.full.win32.x86_64_17.0.8.v20230831-1047\jre\bin\server

VM Arguments:
jvm_args: -XX:+ShowCodeDetailsInExceptionMessages -agentlib:jdwp=transport=dt_socket,suspend=y,address=localhost:5643 -javaagent:C:\Users\laiho\eclipse\java-2023-06\eclipse\configuration\org.eclipse.osgi\248\0\.cp\lib\javaagent-shaded.jar -Dfile.encoding=UTF-8 --module-path=D:\DEDE\java\HW1\bin -Djdk.module.main=HW1 
java_command: HW1/CLASS1.Page28
java_class_path (initial): .;C:\Program Files (x86)\QuickTime\QTSystem\QTJava.zip
Launcher Type: SUN_STANDARD

[Global flags]
     intx CICompilerCount                          = 4                                         {product} {ergonomic}
     uint ConcGCThreads                            = 2                                         {product} {ergonomic}
     uint G1ConcRefinementThreads                  = 8                                         {product} {ergonomic}
   size_t G1HeapRegionSize                         = 1048576                                   {product} {ergonomic}
    uintx GCDrainStackTargetSize                   = 64                                        {product} {ergonomic}
   size_t InitialHeapSize                          = 130023424                                 {product} {ergonomic}
   size_t MarkStackSize                            = 4194304                                   {product} {ergonomic}
   size_t MaxHeapSize                              = 2067791872                                {product} {ergonomic}
   size_t MaxNewSize                               = 1240465408                                {product} {ergonomic}
   size_t MinHeapDeltaBytes                        = 1048576                                   {product} {ergonomic}
   size_t MinHeapSize                              = 8388608                                   {product} {ergonomic}
    uintx NonNMethodCodeHeapSize                   = 5839372                                {pd product} {ergonomic}
    uintx NonProfiledCodeHeapSize                  = 122909434                              {pd product} {ergonomic}
    uintx ProfiledCodeHeapSize                     = 122909434                              {pd product} {ergonomic}
    uintx ReservedCodeCacheSize                    = 251658240                              {pd product} {ergonomic}
     bool SegmentedCodeCache                       = true                                      {product} {ergonomic}
     bool ShowCodeDetailsInExceptionMessages       = true                                   {manageable} {command line}
   size_t SoftMaxHeapSize                          = 2067791872                             {manageable} {ergonomic}
     bool UseCompressedClassPointers               = true                           {product lp64_product} {ergonomic}
     bool UseCompressedOops                        = true                           {product lp64_product} {ergonomic}
     bool UseG1GC                                  = true                                      {product} {ergonomic}
     bool UseLargePagesIndividualAllocation        = false                                  {pd product} {ergonomic}

Logging:
Log output configuration:
 #0: stdout all=warning uptime,level,tags
 #1: stderr all=off uptime,level,tags

Environment Variables:
CLASSPATH=.;C:\Program Files (x86)\QuickTime\QTSystem\QTJava.zip
PATH=C:\Users\laiho\.p2\pool\plugins\org.eclipse.justj.openjdk.hotspot.jre.full.win32.x86_64_17.0.8.v20230831-1047\jre\bin;C:/Users/laiho/.p2/pool/plugins/org.eclipse.justj.openjdk.hotspot.jre.full.win32.x86_64_17.0.8.v20230831-1047/jre/bin/server;C:/Users/laiho/.p2/pool/plugins/org.eclipse.justj.openjdk.hotspot.jre.full.win32.x86_64_17.0.8.v20230831-1047/jre/bin;C:\Windows\system32;C:\Windows;C:\Windows\System32\Wbem;C:\Windows\System32\WindowsPowerShell\v1.0\;C:\Windows\System32\OpenSSH\;C:\Program Files (x86)\NVIDIA Corporation\PhysX\Common;C:\Program Files\NVIDIA Corporation\NVIDIA NvDLISR;C:\WINDOWS\system32;C:\WINDOWS;C:\WINDOWS\System32\Wbem;C:\WINDOWS\System32\WindowsPowerShell\v1.0\;C:\WINDOWS\System32\OpenSSH\;C:\Program Files\Git\cmd;C:\Program Files\dotnet\;C:\Program Files\MATLAB\R2023a\bin;C:\Program Files (x86)\QuickTime\QTSystem\;C:\Program Files (x86)\IVI Foundation\VISA\WinNT\Bin\;C:\Program Files\IVI Foundation\VISA\Win64\Bin\;C:\Program Files (x86)\IVI Foundation\VISA\WinNT\Bin;C:\Users\laiho\AppData\Local\Microsoft\WindowsApps;;C:\Users\laiho\AppData\Local\Programs\Microsoft VS Code\bin;C:\altera\13.1\modelsim_ase\win32aloem;C:\WINDOWS\system32;
USERNAME=laiho
OS=Windows_NT
PROCESSOR_IDENTIFIER=Intel64 Family 6 Model 140 Stepping 1, GenuineIntel
TMP=C:\Users\laiho\AppData\Local\Temp
TEMP=C:\Users\laiho\AppData\Local\Temp



---------------  S Y S T E M  ---------------

OS:
 Windows 10 , 64 bit Build 19041 (10.0.19041.3393)
OS uptime: 0 days 1:28 hours

CPU: total 8 (initial active 8) (4 cores per cpu, 2 threads per core) family 6 model 140 stepping 1 microcode 0x86, cx8, cmov, fxsr, ht, mmx, 3dnowpref, sse, sse2, sse3, ssse3, sse4.1, sse4.2, popcnt, lzcnt, tsc, tscinvbit, avx, avx2, aes, erms, clmul, bmi1, bmi2, adx, avx512f, avx512dq, avx512cd, avx512bw, avx512vl, sha, fma, vzeroupper, avx512_vpopcntdq, avx512_vpclmulqdq, avx512_vaes, avx512_vnni, clflush, clflushopt, clwb, avx512_vbmi2, avx512_vbmi
Processor Information for processor 0
  Max Mhz: 3110, Current Mhz: 902, Mhz Limit: 3110
Processor Information for processor 1
  Max Mhz: 3110, Current Mhz: 3110, Mhz Limit: 3110
Processor Information for processor 2
  Max Mhz: 3110, Current Mhz: 902, Mhz Limit: 3110
Processor Information for processor 3
  Max Mhz: 3110, Current Mhz: 3110, Mhz Limit: 3110
Processor Information for processor 4
  Max Mhz: 3110, Current Mhz: 3110, Mhz Limit: 3110
Processor Information for processor 5
  Max Mhz: 3110, Current Mhz: 3110, Mhz Limit: 3110
Processor Information for processor 6
  Max Mhz: 3110, Current Mhz: 3110, Mhz Limit: 3110
Processor Information for processor 7
  Max Mhz: 3110, Current Mhz: 3110, Mhz Limit: 3110

Memory: 4k page, system-wide physical 7883M (213M free)
TotalPageFile size 32459M (AvailPageFile size 686M)
current process WorkingSet (physical memory assigned to process): 31M, peak: 31M
current process commit charge ("private bytes"): 200M, peak: 200M

vm_info: OpenJDK 64-Bit Server VM (17.0.8.1+1) for windows-amd64 JRE (17.0.8.1+1), built on Aug 23 2023 15:29:17 by "admin" with MS VC++ 16.7 (VS2019)

END.
