#
# A fatal error has been detected by the Java Runtime Environment:
#
#  EXCEPTION_UNCAUGHT_CXX_EXCEPTION (0xe06d7363) at pc=0x00007ff8aca1cf19, pid=46584, tid=47640
#
# JRE version: OpenJDK Runtime Environment Temurin-17.0.8.1+1 (17.0.8.1+1) (build 17.0.8.1+1)
# Java VM: OpenJDK 64-Bit Server VM Temurin-17.0.8.1+1 (17.0.8.1+1, mixed mode, tiered, compressed oops, compressed class ptrs, g1 gc, windows-amd64)
# Problematic frame:
# C  [KERNELBASE.dll+0x2cf19]
#
# No core dump will be written. Minidumps are not enabled by default on client versions of Windows
#
# If you would like to submit a bug report, please visit:
#   https://github.com/adoptium/adoptium-support/issues
#

---------------  S U M M A R Y ------------

Command Line: -XX:+ShowCodeDetailsInExceptionMessages -agentlib:jdwp=transport=dt_socket,suspend=y,address=localhost:5647 -javaagent:C:\Users\laiho\eclipse\java-2023-06\eclipse\configuration\org.eclipse.osgi\248\0\.cp\lib\javaagent-shaded.jar -Dfile.encoding=UTF-8 --module-path=D:\DEDE\java\HW1\bin -Djdk.module.main=HW1 HW1/CLASS1.Page28

Host: 11th Gen Intel(R) Core(TM) i5-11300H @ 3.10GHz, 8 cores, 7G,  Windows 10 , 64 bit Build 19041 (10.0.19041.3393)
Time: Wed Oct 11 14:34:57 2023  Windows 10 , 64 bit Build 19041 (10.0.19041.3393) elapsed time: 2.590467 seconds (0d 0h 0m 2s)

---------------  T H R E A D  ---------------

Current thread (0x00000210c5b33920):  JavaThread "main" [_thread_in_vm, id=47640, stack(0x00000074b7200000,0x00000074b7300000)]

Stack: [0x00000074b7200000,0x00000074b7300000],  sp=0x00000074b72fd760,  free space=1013k
Native frames: (J=compiled Java code, j=interpreted, Vv=VM code, C=native code)
C  [KERNELBASE.dll+0x2cf19]
C  [VCRUNTIME140.dll+0x6220]
C  [jimage.dll+0x32a7]
C  [jimage.dll+0x2a15]
C  [jimage.dll+0x145b]
C  [jimage.dll+0x1e97]
C  [jimage.dll+0x1f2e]
C  [jimage.dll+0x2666]
V  [jvm.dll+0x1f39cd]
V  [jvm.dll+0x1f25a2]
V  [jvm.dll+0x7b06ab]
V  [jvm.dll+0x7b1a52]
V  [jvm.dll+0x7b1d88]
V  [jvm.dll+0x23f76e]
V  [jvm.dll+0x23f9bf]
V  [jvm.dll+0x55d3f8]
V  [jvm.dll+0x5602a7]
V  [jvm.dll+0x385914]
V  [jvm.dll+0x384f7f]
C  0x00000210d06d6043

Java frames: (J=compiled Java code, j=interpreted, Vv=VM code)
j  jdk.internal.module.ModulePath.explodedPackages(Ljava/nio/file/Path;)Ljava/util/Set;+60 java.base@17.0.8.1
j  jdk.internal.module.ModulePath.lambda$readExplodedModule$10(Ljava/nio/file/Path;)Ljava/util/Set;+2 java.base@17.0.8.1
j  jdk.internal.module.ModulePath$$Lambda$7+0x0000000100009ee8.get()Ljava/lang/Object;+8 java.base@17.0.8.1
j  jdk.internal.module.ModuleInfo.doRead(Ljava/io/DataInput;)Ljdk/internal/module/ModuleInfo$Attributes;+762 java.base@17.0.8.1
j  jdk.internal.module.ModuleInfo.read(Ljava/io/InputStream;Ljava/util/function/Supplier;)Ljdk/internal/module/ModuleInfo$Attributes;+16 java.base@17.0.8.1
j  jdk.internal.module.ModulePath.readExplodedModule(Ljava/nio/file/Path;)Ljava/lang/module/ModuleReference;+35 java.base@17.0.8.1
j  jdk.internal.module.ModulePath.readModule(Ljava/nio/file/Path;Ljava/nio/file/attribute/BasicFileAttributes;)Ljava/lang/module/ModuleReference;+11 java.base@17.0.8.1
j  jdk.internal.module.ModulePath.scan(Ljava/nio/file/Path;)Ljava/util/Map;+67 java.base@17.0.8.1
j  jdk.internal.module.ModulePath.scanNextEntry()V+23 java.base@17.0.8.1
j  jdk.internal.module.ModulePath.find(Ljava/lang/String;)Ljava/util/Optional;+36 java.base@17.0.8.1
j  java.lang.module.ModuleFinder$2.lambda$find$0(Ljava/lang/String;Ljava/lang/module/ModuleFinder;)Ljava/util/Optional;+2 java.base@17.0.8.1
j  java.lang.module.ModuleFinder$2$$Lambda$1+0x0000000100039c38.apply(Ljava/lang/Object;)Ljava/lang/Object;+8 java.base@17.0.8.1
j  java.util.stream.ReferencePipeline$3$1.accept(Ljava/lang/Object;)V+12 java.base@17.0.8.1
j  java.util.AbstractList$RandomAccessSpliterator.tryAdvance(Ljava/util/function/Consumer;)Z+43 java.base@17.0.8.1
j  java.util.stream.ReferencePipeline.forEachWithCancel(Ljava/util/Spliterator;Ljava/util/stream/Sink;)Z+13 java.base@17.0.8.1
j  java.util.stream.AbstractPipeline.copyIntoWithCancel(Ljava/util/stream/Sink;Ljava/util/Spliterator;)Z+32 java.base@17.0.8.1
j  java.util.stream.AbstractPipeline.copyInto(Ljava/util/stream/Sink;Ljava/util/Spliterator;)V+49 java.base@17.0.8.1
j  java.util.stream.AbstractPipeline.wrapAndCopyInto(Ljava/util/stream/Sink;Ljava/util/Spliterator;)Ljava/util/stream/Sink;+13 java.base@17.0.8.1
j  java.util.stream.FindOps$FindOp.evaluateSequential(Ljava/util/stream/PipelineHelper;Ljava/util/Spliterator;)Ljava/lang/Object;+14 java.base@17.0.8.1
j  java.util.stream.AbstractPipeline.evaluate(Ljava/util/stream/TerminalOp;)Ljava/lang/Object;+88 java.base@17.0.8.1
j  java.util.stream.ReferencePipeline.findFirst()Ljava/util/Optional;+5 java.base@17.0.8.1
j  java.lang.module.ModuleFinder$2.find(Ljava/lang/String;)Ljava/util/Optional;+53 java.base@17.0.8.1
j  java.lang.module.Resolver.findWithBeforeFinder(Ljava/lang/String;)Ljava/lang/module/ModuleReference;+5 java.base@17.0.8.1
j  java.lang.module.Resolver.resolve(Ljava/util/Collection;)Ljava/lang/module/Resolver;+38 java.base@17.0.8.1
j  java.lang.module.Configuration.resolveAndBind(Ljava/lang/module/ModuleFinder;Ljava/util/Collection;Ljava/io/PrintStream;)Ljava/lang/module/Configuration;+29 java.base@17.0.8.1
j  java.lang.module.ModuleDescriptor$1.resolveAndBind(Ljava/lang/module/ModuleFinder;Ljava/util/Collection;Ljava/io/PrintStream;)Ljava/lang/module/Configuration;+3 java.base@17.0.8.1
j  jdk.internal.module.Modules.newBootLayerConfiguration(Ljava/lang/module/ModuleFinder;Ljava/util/Collection;Ljava/io/PrintStream;)Ljava/lang/module/Configuration;+6 java.base@17.0.8.1
j  jdk.internal.module.ModuleBootstrap.boot2()Ljava/lang/ModuleLayer;+896 java.base@17.0.8.1
j  jdk.internal.module.ModuleBootstrap.boot()Ljava/lang/ModuleLayer;+64 java.base@17.0.8.1
j  java.lang.System.initPhase2(ZZ)I+0 java.base@17.0.8.1
v  ~StubRoutines::call_stub

siginfo: EXCEPTION_UNCAUGHT_CXX_EXCEPTION (0xe06d7363), ExceptionInformation=0x0000000019930520 0x00000074b72fd8c0 0x00007ff8a5695138 0x00007ff8a5690000 


Register to memory mapping:

RIP=0x00007ff8aca1cf19 KERNELBASE.dll
RAX=0x000000000005342f is an unknown value
RBX=0x00007ff8a5695138 jimage.dll
RCX={method} {0x00000210e0000518} '<init>' '()V' in 'java/lang/Object'
RDX=0x00000210e03c8158 is pointing into metadata
RSP=0x00000074b72fd760 is pointing into the stack for thread: 0x00000210c5b33920
RBP=0x00000074b72fd9f0 is pointing into the stack for thread: 0x00000210c5b33920
RSI=0x00000074b72fd8c0 is pointing into the stack for thread: 0x00000210c5b33920
RDI=0x0000000019930520 is an unknown value
R8 =0x000000000051c974 is an unknown value
R9 =0x0000000000003a31 is an unknown value
R10=0x000000000000c937 is an unknown value
R11=0x000051a9ef79a591 is an unknown value
R12=0x000000000000c937 is an unknown value
R13=0x00000210c5b33e10 points into unknown readable memory: 0x6974752f6176616a | 6a 61 76 61 2f 75 74 69
R14=0x00000210e4000090 points into unknown readable memory: 0x0000000000000000 | 00 00 00 00 00 00 00 00
R15=0x00000210e4000090 points into unknown readable memory: 0x0000000000000000 | 00 00 00 00 00 00 00 00


Registers:
RAX=0x000000000005342f, RBX=0x00007ff8a5695138, RCX=0x00000210e0000510, RDX=0x00000210e03c8158
RSP=0x00000074b72fd760, RBP=0x00000074b72fd9f0, RSI=0x00000074b72fd8c0, RDI=0x0000000019930520
R8 =0x000000000051c974, R9 =0x0000000000003a31, R10=0x000000000000c937, R11=0x000051a9ef79a591
R12=0x000000000000c937, R13=0x00000210c5b33e10, R14=0x00000210e4000090, R15=0x00000210e4000090
RIP=0x00007ff8aca1cf19, EFLAGS=0x0000000000000202

Top of Stack: (sp=0x00000074b72fd760)
0x00000074b72fd760:   00000002c31f02ac 00007ff8a5695138
0x00000074b72fd770:   00000074b72fd8c0 0000000000000000
0x00000074b72fd780:   00000001e06d7363 0000000000000000
0x00000074b72fd790:   00007ff8aca1cf19 0000021000000004
0x00000074b72fd7a0:   0000000019930520 00000074b72fd8c0
0x00000074b72fd7b0:   00007ff8a5695138 00007ff8a5690000
0x00000074b72fd7c0:   00000210c5b33e10 000000000000c937
0x00000074b72fd7d0:   00000074b72fd8c0 00000074b72fd9f0
0x00000074b72fd7e0:   00000074b72fd860 00007ff8af024a5f
0x00000074b72fd7f0:   0000000019930520 0000000000000000
0x00000074b72fd800:   00000000943e5f9f 00007ff8af0407c0
0x00000074b72fd810:   00007ff8a5697000 00007ff8a5690000
0x00000074b72fd820:   0000d43c818bb489 00007ff8aca40e7b
0x00000074b72fd830:   00007ff8a5695138 00007ff8811a6220
0x00000074b72fd840:   0000e84f0666990d 0000000002000002
0x00000074b72fd850:   0000000000000008 00007ff8ace439ce 

Instructions: (pc=0x00007ff8aca1cf19)
0x00007ff8aca1ce19:   09 00 48 8b 84 24 b8 00 00 00 48 8b 8c 24 b0 05
0x00007ff8aca1ce29:   00 00 48 33 cc e8 ed 86 06 00 48 81 c4 c0 05 00
0x00007ff8aca1ce39:   00 41 5f 41 5e 41 5d 5e 5b c3 cc 48 ff 15 ad 7f
0x00007ff8aca1ce49:   1b 00 0f 1f 44 00 00 eb b0 cc cc cc cc cc cc cc
0x00007ff8aca1ce59:   cc cc cc cc cc cc cc 40 53 48 83 ec 30 48 8b d1
0x00007ff8aca1ce69:   48 8d 4c 24 20 e8 5d 23 00 00 85 c0 74 26 48 8b
0x00007ff8aca1ce79:   4c 24 28 e8 ef 38 00 00 48 8d 4c 24 20 8b d8 48
0x00007ff8aca1ce89:   ff 15 b1 79 1b 00 0f 1f 44 00 00 8b c3 48 83 c4
0x00007ff8aca1ce99:   30 5b c3 cc 83 c8 ff eb f4 cc cc cc cc cc cc cc
0x00007ff8aca1cea9:   cc cc cc cc cc cc cc 48 81 ec d8 00 00 00 48 8b
0x00007ff8aca1ceb9:   05 e2 9f 28 00 48 33 c4 48 89 84 24 c0 00 00 00
0x00007ff8aca1cec9:   48 83 64 24 28 00 48 8d 05 da ff ff ff 83 e2 01
0x00007ff8aca1ced9:   89 4c 24 20 89 54 24 24 48 89 44 24 30 4d 85 c9
0x00007ff8aca1cee9:   74 4c b8 0f 00 00 00 48 8d 4c 24 40 44 3b c0 49
0x00007ff8aca1cef9:   8b d1 44 0f 47 c0 44 89 44 24 38 49 c1 e0 03 e8
0x00007ff8aca1cf09:   ea 91 08 00 48 8d 4c 24 20 48 ff 15 ff 80 1b 00
0x00007ff8aca1cf19:   0f 1f 44 00 00 48 8b 8c 24 c0 00 00 00 48 33 cc
0x00007ff8aca1cf29:   e8 f2 85 06 00 48 81 c4 d8 00 00 00 c3 cc 83 64
0x00007ff8aca1cf39:   24 38 00 eb cf cc cc cc cc cc cc cc cc cc cc cc
0x00007ff8aca1cf49:   cc cc cc cc cc cc cc 65 48 8b 04 25 30 00 00 00
0x00007ff8aca1cf59:   8b 40 68 c3 cc cc cc cc cc cc cc cc cc cc cc cc
0x00007ff8aca1cf69:   cc cc cc cc cc cc cc 48 89 5c 24 10 48 89 74 24
0x00007ff8aca1cf79:   18 57 41 54 41 55 41 56 41 57 48 81 ec b0 02 00
0x00007ff8aca1cf89:   00 48 8b 05 0f 9f 28 00 48 33 c4 48 89 84 24 a0
0x00007ff8aca1cf99:   02 00 00 48 8d 15 0f e6 1b 00 48 85 c9 48 0f 45
0x00007ff8aca1cfa9:   d1 48 89 94 24 80 00 00 00 48 83 c8 ff 48 ff c0
0x00007ff8aca1cfb9:   80 3c 02 00 75 f7 48 ff c0 48 89 84 24 88 00 00
0x00007ff8aca1cfc9:   00 48 89 94 24 90 00 00 00 4c 8d 8c 24 88 00 00
0x00007ff8aca1cfd9:   00 33 d2 b9 06 00 01 40 44 8d 42 02 e8 c6 fe ff
0x00007ff8aca1cfe9:   ff e9 f0 01 00 00 33 f6 48 89 74 24 60 45 33 ff
0x00007ff8aca1cff9:   4c 89 7c 24 48 45 33 f6 4c 89 74 24 58 33 ff 48
0x00007ff8aca1d009:   89 7c 24 50 e8 3e ff ff ff 89 44 24 40 48 39 35 


Stack slot to memory mapping:
stack at sp + 0 slots: 0x00000002c31f02ac is an unknown value
stack at sp + 1 slots: 0x00007ff8a5695138 jimage.dll
stack at sp + 2 slots: 0x00000074b72fd8c0 is pointing into the stack for thread: 0x00000210c5b33920
stack at sp + 3 slots: 0x0 is NULL
stack at sp + 4 slots: 0x00000001e06d7363 is an unknown value
stack at sp + 5 slots: 0x0 is NULL
stack at sp + 6 slots: 0x00007ff8aca1cf19 KERNELBASE.dll
stack at sp + 7 slots: 0x0000021000000004 is an unknown value


---------------  P R O C E S S  ---------------

Threads class SMR info:
_java_thread_list=0x00000210dfaa9350, length=11, elements={
0x00000210c5b33920, 0x00000210df9033e0, 0x00000210df9041b0, 0x00000210df92e410,
0x00000210df92ece0, 0x00000210df92f5b0, 0x00000210df92fe80, 0x00000210df956360,
0x00000210df9cf4e0, 0x00000210df9d1a10, 0x00000210dcfd7950
}

Java Threads: ( => current thread )
=>0x00000210c5b33920 JavaThread "main" [_thread_in_vm, id=47640, stack(0x00000074b7200000,0x00000074b7300000)]
  0x00000210df9033e0 JavaThread "Reference Handler" daemon [_thread_blocked, id=49176, stack(0x00000074b7900000,0x00000074b7a00000)]
  0x00000210df9041b0 JavaThread "Finalizer" daemon [_thread_blocked, id=49180, stack(0x00000074b7a00000,0x00000074b7b00000)]
  0x00000210df92e410 JavaThread "Signal Dispatcher" daemon [_thread_blocked, id=49792, stack(0x00000074b7b00000,0x00000074b7c00000)]
  0x00000210df92ece0 JavaThread "Attach Listener" daemon [_thread_blocked, id=49796, stack(0x00000074b7c00000,0x00000074b7d00000)]
  0x00000210df92f5b0 JavaThread "Service Thread" daemon [_thread_blocked, id=49800, stack(0x00000074b7d00000,0x00000074b7e00000)]
  0x00000210df92fe80 JavaThread "Monitor Deflation Thread" daemon [_thread_blocked, id=49804, stack(0x00000074b7e00000,0x00000074b7f00000)]
  0x00000210df956360 JavaThread "C2 CompilerThread0" daemon [_thread_blocked, id=49808, stack(0x00000074b7f00000,0x00000074b8000000)]
  0x00000210df9cf4e0 JavaThread "C1 CompilerThread0" daemon [_thread_blocked, id=50204, stack(0x00000074b8000000,0x00000074b8100000)]
  0x00000210df9d1a10 JavaThread "Sweeper thread" daemon [_thread_blocked, id=50624, stack(0x00000074b8100000,0x00000074b8200000)]
  0x00000210dcfd7950 JavaThread "Common-Cleaner" daemon [_thread_blocked, id=50888, stack(0x00000074b8200000,0x00000074b8300000)]

Other Threads:
  0x00000210df8e1850 VMThread "VM Thread" [stack: 0x00000074b7800000,0x00000074b7900000] [id=49164] _threads_hazard_ptr=0x00000210dfaa9350
  0x00000210c5b6e310 GCTaskThread "GC Thread#0" [stack: 0x00000074b7300000,0x00000074b7400000] [id=49108]
  0x00000210c5b7e6f0 ConcurrentGCThread "G1 Main Marker" [stack: 0x00000074b7400000,0x00000074b7500000] [id=49116]
  0x00000210dce10f90 ConcurrentGCThread "G1 Conc#0" [stack: 0x00000074b7500000,0x00000074b7600000] [id=49120]
  0x00000210dce8a7d0 ConcurrentGCThread "G1 Refine#0" [stack: 0x00000074b7600000,0x00000074b7700000] [id=49124]
  0x00000210dce8b110 ConcurrentGCThread "G1 Service" [stack: 0x00000074b7700000,0x00000074b7800000] [id=49128]

Threads with active compile tasks:

VM state: synchronizing (normal execution)

VM Mutex/Monitor currently owned by a thread:  ([mutex/lock_event])
[0x00000210c5b2f570] Threads_lock - owner thread: 0x00000210df8e1850

Heap address: 0x0000000084c00000, size: 1972 MB, Compressed Oops mode: 32-bit

CDS archive(s) not mapped
Compressed class space mapped at: 0x0000000100000000-0x0000000140000000, reserved size: 1073741824
Narrow klass base: 0x0000000000000000, Narrow klass shift: 3, Narrow klass range: 0x140000000

GC Precious Log:
 CPUs: 8 total, 8 available
 Memory: 7883M
 Large Page Support: Disabled
 NUMA Support: Disabled
 Compressed Oops: Enabled (32-bit)
 Heap Region Size: 1M
 Heap Min Capacity: 8M
 Heap Initial Capacity: 124M
 Heap Max Capacity: 1972M
 Pre-touch: Disabled
 Parallel Workers: 8
 Concurrent Workers: 2
 Concurrent Refinement Workers: 8
 Periodic GC: Disabled

Heap:
 garbage-first heap   total 126976K, used 1024K [0x0000000084c00000, 0x0000000100000000)
  region size 1024K, 2 young (2048K), 0 survivors (0K)
 Metaspace       used 5740K, committed 5888K, reserved 1114112K
  class space    used 483K, committed 512K, reserved 1048576K

Heap Regions: E=young(eden), S=young(survivor), O=old, HS=humongous(starts), HC=humongous(continues), CS=collection set, F=free, OA=open archive, CA=closed archive, TAMS=top-at-mark-start (previous, next)
|   0|0x0000000084c00000, 0x0000000084c00000, 0x0000000084d00000|  0%| F|  |TAMS 0x0000000084c00000, 0x0000000084c00000| Untracked 
|   1|0x0000000084d00000, 0x0000000084d00000, 0x0000000084e00000|  0%| F|  |TAMS 0x0000000084d00000, 0x0000000084d00000| Untracked 
|   2|0x0000000084e00000, 0x0000000084e00000, 0x0000000084f00000|  0%| F|  |TAMS 0x0000000084e00000, 0x0000000084e00000| Untracked 
|   3|0x0000000084f00000, 0x0000000084f00000, 0x0000000085000000|  0%| F|  |TAMS 0x0000000084f00000, 0x0000000084f00000| Untracked 
|   4|0x0000000085000000, 0x0000000085000000, 0x0000000085100000|  0%| F|  |TAMS 0x0000000085000000, 0x0000000085000000| Untracked 
|   5|0x0000000085100000, 0x0000000085100000, 0x0000000085200000|  0%| F|  |TAMS 0x0000000085100000, 0x0000000085100000| Untracked 
|   6|0x0000000085200000, 0x0000000085200000, 0x0000000085300000|  0%| F|  |TAMS 0x0000000085200000, 0x0000000085200000| Untracked 
|   7|0x0000000085300000, 0x0000000085300000, 0x0000000085400000|  0%| F|  |TAMS 0x0000000085300000, 0x0000000085300000| Untracked 
|   8|0x0000000085400000, 0x0000000085400000, 0x0000000085500000|  0%| F|  |TAMS 0x0000000085400000, 0x0000000085400000| Untracked 
|   9|0x0000000085500000, 0x0000000085500000, 0x0000000085600000|  0%| F|  |TAMS 0x0000000085500000, 0x0000000085500000| Untracked 
|  10|0x0000000085600000, 0x0000000085600000, 0x0000000085700000|  0%| F|  |TAMS 0x0000000085600000, 0x0000000085600000| Untracked 
|  11|0x0000000085700000, 0x0000000085700000, 0x0000000085800000|  0%| F|  |TAMS 0x0000000085700000, 0x0000000085700000| Untracked 
|  12|0x0000000085800000, 0x0000000085800000, 0x0000000085900000|  0%| F|  |TAMS 0x0000000085800000, 0x0000000085800000| Untracked 
|  13|0x0000000085900000, 0x0000000085900000, 0x0000000085a00000|  0%| F|  |TAMS 0x0000000085900000, 0x0000000085900000| Untracked 
|  14|0x0000000085a00000, 0x0000000085a00000, 0x0000000085b00000|  0%| F|  |TAMS 0x0000000085a00000, 0x0000000085a00000| Untracked 
|  15|0x0000000085b00000, 0x0000000085b00000, 0x0000000085c00000|  0%| F|  |TAMS 0x0000000085b00000, 0x0000000085b00000| Untracked 
|  16|0x0000000085c00000, 0x0000000085c00000, 0x0000000085d00000|  0%| F|  |TAMS 0x0000000085c00000, 0x0000000085c00000| Untracked 
|  17|0x0000000085d00000, 0x0000000085d00000, 0x0000000085e00000|  0%| F|  |TAMS 0x0000000085d00000, 0x0000000085d00000| Untracked 
|  18|0x0000000085e00000, 0x0000000085e00000, 0x0000000085f00000|  0%| F|  |TAMS 0x0000000085e00000, 0x0000000085e00000| Untracked 
|  19|0x0000000085f00000, 0x0000000085f00000, 0x0000000086000000|  0%| F|  |TAMS 0x0000000085f00000, 0x0000000085f00000| Untracked 
|  20|0x0000000086000000, 0x0000000086000000, 0x0000000086100000|  0%| F|  |TAMS 0x0000000086000000, 0x0000000086000000| Untracked 
|  21|0x0000000086100000, 0x0000000086100000, 0x0000000086200000|  0%| F|  |TAMS 0x0000000086100000, 0x0000000086100000| Untracked 
|  22|0x0000000086200000, 0x0000000086200000, 0x0000000086300000|  0%| F|  |TAMS 0x0000000086200000, 0x0000000086200000| Untracked 
|  23|0x0000000086300000, 0x0000000086300000, 0x0000000086400000|  0%| F|  |TAMS 0x0000000086300000, 0x0000000086300000| Untracked 
|  24|0x0000000086400000, 0x0000000086400000, 0x0000000086500000|  0%| F|  |TAMS 0x0000000086400000, 0x0000000086400000| Untracked 
|  25|0x0000000086500000, 0x0000000086500000, 0x0000000086600000|  0%| F|  |TAMS 0x0000000086500000, 0x0000000086500000| Untracked 
|  26|0x0000000086600000, 0x0000000086600000, 0x0000000086700000|  0%| F|  |TAMS 0x0000000086600000, 0x0000000086600000| Untracked 
|  27|0x0000000086700000, 0x0000000086700000, 0x0000000086800000|  0%| F|  |TAMS 0x0000000086700000, 0x0000000086700000| Untracked 
|  28|0x0000000086800000, 0x0000000086800000, 0x0000000086900000|  0%| F|  |TAMS 0x0000000086800000, 0x0000000086800000| Untracked 
|  29|0x0000000086900000, 0x0000000086900000, 0x0000000086a00000|  0%| F|  |TAMS 0x0000000086900000, 0x0000000086900000| Untracked 
|  30|0x0000000086a00000, 0x0000000086a00000, 0x0000000086b00000|  0%| F|  |TAMS 0x0000000086a00000, 0x0000000086a00000| Untracked 
|  31|0x0000000086b00000, 0x0000000086b00000, 0x0000000086c00000|  0%| F|  |TAMS 0x0000000086b00000, 0x0000000086b00000| Untracked 
|  32|0x0000000086c00000, 0x0000000086c00000, 0x0000000086d00000|  0%| F|  |TAMS 0x0000000086c00000, 0x0000000086c00000| Untracked 
|  33|0x0000000086d00000, 0x0000000086d00000, 0x0000000086e00000|  0%| F|  |TAMS 0x0000000086d00000, 0x0000000086d00000| Untracked 
|  34|0x0000000086e00000, 0x0000000086e00000, 0x0000000086f00000|  0%| F|  |TAMS 0x0000000086e00000, 0x0000000086e00000| Untracked 
|  35|0x0000000086f00000, 0x0000000086f00000, 0x0000000087000000|  0%| F|  |TAMS 0x0000000086f00000, 0x0000000086f00000| Untracked 
|  36|0x0000000087000000, 0x0000000087000000, 0x0000000087100000|  0%| F|  |TAMS 0x0000000087000000, 0x0000000087000000| Untracked 
|  37|0x0000000087100000, 0x0000000087100000, 0x0000000087200000|  0%| F|  |TAMS 0x0000000087100000, 0x0000000087100000| Untracked 
|  38|0x0000000087200000, 0x0000000087200000, 0x0000000087300000|  0%| F|  |TAMS 0x0000000087200000, 0x0000000087200000| Untracked 
|  39|0x0000000087300000, 0x0000000087300000, 0x0000000087400000|  0%| F|  |TAMS 0x0000000087300000, 0x0000000087300000| Untracked 
|  40|0x0000000087400000, 0x0000000087400000, 0x0000000087500000|  0%| F|  |TAMS 0x0000000087400000, 0x0000000087400000| Untracked 
|  41|0x0000000087500000, 0x0000000087500000, 0x0000000087600000|  0%| F|  |TAMS 0x0000000087500000, 0x0000000087500000| Untracked 
|  42|0x0000000087600000, 0x0000000087600000, 0x0000000087700000|  0%| F|  |TAMS 0x0000000087600000, 0x0000000087600000| Untracked 
|  43|0x0000000087700000, 0x0000000087700000, 0x0000000087800000|  0%| F|  |TAMS 0x0000000087700000, 0x0000000087700000| Untracked 
|  44|0x0000000087800000, 0x0000000087800000, 0x0000000087900000|  0%| F|  |TAMS 0x0000000087800000, 0x0000000087800000| Untracked 
|  45|0x0000000087900000, 0x0000000087900000, 0x0000000087a00000|  0%| F|  |TAMS 0x0000000087900000, 0x0000000087900000| Untracked 
|  46|0x0000000087a00000, 0x0000000087a00000, 0x0000000087b00000|  0%| F|  |TAMS 0x0000000087a00000, 0x0000000087a00000| Untracked 
|  47|0x0000000087b00000, 0x0000000087b00000, 0x0000000087c00000|  0%| F|  |TAMS 0x0000000087b00000, 0x0000000087b00000| Untracked 
|  48|0x0000000087c00000, 0x0000000087c00000, 0x0000000087d00000|  0%| F|  |TAMS 0x0000000087c00000, 0x0000000087c00000| Untracked 
|  49|0x0000000087d00000, 0x0000000087d00000, 0x0000000087e00000|  0%| F|  |TAMS 0x0000000087d00000, 0x0000000087d00000| Untracked 
|  50|0x0000000087e00000, 0x0000000087e00000, 0x0000000087f00000|  0%| F|  |TAMS 0x0000000087e00000, 0x0000000087e00000| Untracked 
|  51|0x0000000087f00000, 0x0000000087f00000, 0x0000000088000000|  0%| F|  |TAMS 0x0000000087f00000, 0x0000000087f00000| Untracked 
|  52|0x0000000088000000, 0x0000000088000000, 0x0000000088100000|  0%| F|  |TAMS 0x0000000088000000, 0x0000000088000000| Untracked 
|  53|0x0000000088100000, 0x0000000088100000, 0x0000000088200000|  0%| F|  |TAMS 0x0000000088100000, 0x0000000088100000| Untracked 
|  54|0x0000000088200000, 0x0000000088200000, 0x0000000088300000|  0%| F|  |TAMS 0x0000000088200000, 0x0000000088200000| Untracked 
|  55|0x0000000088300000, 0x0000000088300000, 0x0000000088400000|  0%| F|  |TAMS 0x0000000088300000, 0x0000000088300000| Untracked 
|  56|0x0000000088400000, 0x0000000088400000, 0x0000000088500000|  0%| F|  |TAMS 0x0000000088400000, 0x0000000088400000| Untracked 
|  57|0x0000000088500000, 0x0000000088500000, 0x0000000088600000|  0%| F|  |TAMS 0x0000000088500000, 0x0000000088500000| Untracked 
|  58|0x0000000088600000, 0x0000000088600000, 0x0000000088700000|  0%| F|  |TAMS 0x0000000088600000, 0x0000000088600000| Untracked 
|  59|0x0000000088700000, 0x0000000088700000, 0x0000000088800000|  0%| F|  |TAMS 0x0000000088700000, 0x0000000088700000| Untracked 
|  60|0x0000000088800000, 0x0000000088800000, 0x0000000088900000|  0%| F|  |TAMS 0x0000000088800000, 0x0000000088800000| Untracked 
|  61|0x0000000088900000, 0x0000000088900000, 0x0000000088a00000|  0%| F|  |TAMS 0x0000000088900000, 0x0000000088900000| Untracked 
|  62|0x0000000088a00000, 0x0000000088a00000, 0x0000000088b00000|  0%| F|  |TAMS 0x0000000088a00000, 0x0000000088a00000| Untracked 
|  63|0x0000000088b00000, 0x0000000088b00000, 0x0000000088c00000|  0%| F|  |TAMS 0x0000000088b00000, 0x0000000088b00000| Untracked 
|  64|0x0000000088c00000, 0x0000000088c00000, 0x0000000088d00000|  0%| F|  |TAMS 0x0000000088c00000, 0x0000000088c00000| Untracked 
|  65|0x0000000088d00000, 0x0000000088d00000, 0x0000000088e00000|  0%| F|  |TAMS 0x0000000088d00000, 0x0000000088d00000| Untracked 
|  66|0x0000000088e00000, 0x0000000088e00000, 0x0000000088f00000|  0%| F|  |TAMS 0x0000000088e00000, 0x0000000088e00000| Untracked 
|  67|0x0000000088f00000, 0x0000000088f00000, 0x0000000089000000|  0%| F|  |TAMS 0x0000000088f00000, 0x0000000088f00000| Untracked 
|  68|0x0000000089000000, 0x0000000089000000, 0x0000000089100000|  0%| F|  |TAMS 0x0000000089000000, 0x0000000089000000| Untracked 
|  69|0x0000000089100000, 0x0000000089100000, 0x0000000089200000|  0%| F|  |TAMS 0x0000000089100000, 0x0000000089100000| Untracked 
|  70|0x0000000089200000, 0x0000000089200000, 0x0000000089300000|  0%| F|  |TAMS 0x0000000089200000, 0x0000000089200000| Untracked 
|  71|0x0000000089300000, 0x0000000089300000, 0x0000000089400000|  0%| F|  |TAMS 0x0000000089300000, 0x0000000089300000| Untracked 
|  72|0x0000000089400000, 0x0000000089400000, 0x0000000089500000|  0%| F|  |TAMS 0x0000000089400000, 0x0000000089400000| Untracked 
|  73|0x0000000089500000, 0x0000000089500000, 0x0000000089600000|  0%| F|  |TAMS 0x0000000089500000, 0x0000000089500000| Untracked 
|  74|0x0000000089600000, 0x0000000089600000, 0x0000000089700000|  0%| F|  |TAMS 0x0000000089600000, 0x0000000089600000| Untracked 
|  75|0x0000000089700000, 0x0000000089700000, 0x0000000089800000|  0%| F|  |TAMS 0x0000000089700000, 0x0000000089700000| Untracked 
|  76|0x0000000089800000, 0x0000000089800000, 0x0000000089900000|  0%| F|  |TAMS 0x0000000089800000, 0x0000000089800000| Untracked 
|  77|0x0000000089900000, 0x0000000089900000, 0x0000000089a00000|  0%| F|  |TAMS 0x0000000089900000, 0x0000000089900000| Untracked 
|  78|0x0000000089a00000, 0x0000000089a00000, 0x0000000089b00000|  0%| F|  |TAMS 0x0000000089a00000, 0x0000000089a00000| Untracked 
|  79|0x0000000089b00000, 0x0000000089b00000, 0x0000000089c00000|  0%| F|  |TAMS 0x0000000089b00000, 0x0000000089b00000| Untracked 
|  80|0x0000000089c00000, 0x0000000089c00000, 0x0000000089d00000|  0%| F|  |TAMS 0x0000000089c00000, 0x0000000089c00000| Untracked 
|  81|0x0000000089d00000, 0x0000000089d00000, 0x0000000089e00000|  0%| F|  |TAMS 0x0000000089d00000, 0x0000000089d00000| Untracked 
|  82|0x0000000089e00000, 0x0000000089e00000, 0x0000000089f00000|  0%| F|  |TAMS 0x0000000089e00000, 0x0000000089e00000| Untracked 
|  83|0x0000000089f00000, 0x0000000089f00000, 0x000000008a000000|  0%| F|  |TAMS 0x0000000089f00000, 0x0000000089f00000| Untracked 
|  84|0x000000008a000000, 0x000000008a000000, 0x000000008a100000|  0%| F|  |TAMS 0x000000008a000000, 0x000000008a000000| Untracked 
|  85|0x000000008a100000, 0x000000008a100000, 0x000000008a200000|  0%| F|  |TAMS 0x000000008a100000, 0x000000008a100000| Untracked 
|  86|0x000000008a200000, 0x000000008a200000, 0x000000008a300000|  0%| F|  |TAMS 0x000000008a200000, 0x000000008a200000| Untracked 
|  87|0x000000008a300000, 0x000000008a300000, 0x000000008a400000|  0%| F|  |TAMS 0x000000008a300000, 0x000000008a300000| Untracked 
|  88|0x000000008a400000, 0x000000008a400000, 0x000000008a500000|  0%| F|  |TAMS 0x000000008a400000, 0x000000008a400000| Untracked 
|  89|0x000000008a500000, 0x000000008a500000, 0x000000008a600000|  0%| F|  |TAMS 0x000000008a500000, 0x000000008a500000| Untracked 
|  90|0x000000008a600000, 0x000000008a600000, 0x000000008a700000|  0%| F|  |TAMS 0x000000008a600000, 0x000000008a600000| Untracked 
|  91|0x000000008a700000, 0x000000008a700000, 0x000000008a800000|  0%| F|  |TAMS 0x000000008a700000, 0x000000008a700000| Untracked 
|  92|0x000000008a800000, 0x000000008a800000, 0x000000008a900000|  0%| F|  |TAMS 0x000000008a800000, 0x000000008a800000| Untracked 
|  93|0x000000008a900000, 0x000000008a900000, 0x000000008aa00000|  0%| F|  |TAMS 0x000000008a900000, 0x000000008a900000| Untracked 
|  94|0x000000008aa00000, 0x000000008aa00000, 0x000000008ab00000|  0%| F|  |TAMS 0x000000008aa00000, 0x000000008aa00000| Untracked 
|  95|0x000000008ab00000, 0x000000008ab00000, 0x000000008ac00000|  0%| F|  |TAMS 0x000000008ab00000, 0x000000008ab00000| Untracked 
|  96|0x000000008ac00000, 0x000000008ac00000, 0x000000008ad00000|  0%| F|  |TAMS 0x000000008ac00000, 0x000000008ac00000| Untracked 
|  97|0x000000008ad00000, 0x000000008ad00000, 0x000000008ae00000|  0%| F|  |TAMS 0x000000008ad00000, 0x000000008ad00000| Untracked 
|  98|0x000000008ae00000, 0x000000008ae00000, 0x000000008af00000|  0%| F|  |TAMS 0x000000008ae00000, 0x000000008ae00000| Untracked 
|  99|0x000000008af00000, 0x000000008af00000, 0x000000008b000000|  0%| F|  |TAMS 0x000000008af00000, 0x000000008af00000| Untracked 
| 100|0x000000008b000000, 0x000000008b000000, 0x000000008b100000|  0%| F|  |TAMS 0x000000008b000000, 0x000000008b000000| Untracked 
| 101|0x000000008b100000, 0x000000008b100000, 0x000000008b200000|  0%| F|  |TAMS 0x000000008b100000, 0x000000008b100000| Untracked 
| 102|0x000000008b200000, 0x000000008b200000, 0x000000008b300000|  0%| F|  |TAMS 0x000000008b200000, 0x000000008b200000| Untracked 
| 103|0x000000008b300000, 0x000000008b300000, 0x000000008b400000|  0%| F|  |TAMS 0x000000008b300000, 0x000000008b300000| Untracked 
| 104|0x000000008b400000, 0x000000008b400000, 0x000000008b500000|  0%| F|  |TAMS 0x000000008b400000, 0x000000008b400000| Untracked 
| 105|0x000000008b500000, 0x000000008b500000, 0x000000008b600000|  0%| F|  |TAMS 0x000000008b500000, 0x000000008b500000| Untracked 
| 106|0x000000008b600000, 0x000000008b600000, 0x000000008b700000|  0%| F|  |TAMS 0x000000008b600000, 0x000000008b600000| Untracked 
| 107|0x000000008b700000, 0x000000008b700000, 0x000000008b800000|  0%| F|  |TAMS 0x000000008b700000, 0x000000008b700000| Untracked 
| 108|0x000000008b800000, 0x000000008b800000, 0x000000008b900000|  0%| F|  |TAMS 0x000000008b800000, 0x000000008b800000| Untracked 
| 109|0x000000008b900000, 0x000000008b900000, 0x000000008ba00000|  0%| F|  |TAMS 0x000000008b900000, 0x000000008b900000| Untracked 
| 110|0x000000008ba00000, 0x000000008ba00000, 0x000000008bb00000|  0%| F|  |TAMS 0x000000008ba00000, 0x000000008ba00000| Untracked 
| 111|0x000000008bb00000, 0x000000008bb00000, 0x000000008bc00000|  0%| F|  |TAMS 0x000000008bb00000, 0x000000008bb00000| Untracked 
| 112|0x000000008bc00000, 0x000000008bc00000, 0x000000008bd00000|  0%| F|  |TAMS 0x000000008bc00000, 0x000000008bc00000| Untracked 
| 113|0x000000008bd00000, 0x000000008bd00000, 0x000000008be00000|  0%| F|  |TAMS 0x000000008bd00000, 0x000000008bd00000| Untracked 
| 114|0x000000008be00000, 0x000000008be00000, 0x000000008bf00000|  0%| F|  |TAMS 0x000000008be00000, 0x000000008be00000| Untracked 
| 115|0x000000008bf00000, 0x000000008bf00000, 0x000000008c000000|  0%| F|  |TAMS 0x000000008bf00000, 0x000000008bf00000| Untracked 
| 116|0x000000008c000000, 0x000000008c000000, 0x000000008c100000|  0%| F|  |TAMS 0x000000008c000000, 0x000000008c000000| Untracked 
| 117|0x000000008c100000, 0x000000008c100000, 0x000000008c200000|  0%| F|  |TAMS 0x000000008c100000, 0x000000008c100000| Untracked 
| 118|0x000000008c200000, 0x000000008c200000, 0x000000008c300000|  0%| F|  |TAMS 0x000000008c200000, 0x000000008c200000| Untracked 
| 119|0x000000008c300000, 0x000000008c300000, 0x000000008c400000|  0%| F|  |TAMS 0x000000008c300000, 0x000000008c300000| Untracked 
| 120|0x000000008c400000, 0x000000008c400000, 0x000000008c500000|  0%| F|  |TAMS 0x000000008c400000, 0x000000008c400000| Untracked 
| 121|0x000000008c500000, 0x000000008c500000, 0x000000008c600000|  0%| F|  |TAMS 0x000000008c500000, 0x000000008c500000| Untracked 
| 122|0x000000008c600000, 0x000000008c6ec0d0, 0x000000008c700000| 92%| E|  |TAMS 0x000000008c600000, 0x000000008c600000| Complete 
| 123|0x000000008c700000, 0x000000008c800000, 0x000000008c800000|100%| E|CS|TAMS 0x000000008c700000, 0x000000008c700000| Complete 

Card table byte_map: [0x00000210d8890000,0x00000210d8c70000] _byte_map_base: 0x00000210d846a000

Marking Bits (Prev, Next): (CMBitMap*) 0x00000210c5b6e740, (CMBitMap*) 0x00000210c5b6e780
 Prev Bits: [0x00000210d9050000, 0x00000210daf20000)
 Next Bits: [0x00000210daf20000, 0x00000210dcdf0000)

Polling page: 0x00000210c4b20000

Metaspace:

Usage:
  Non-class:      5.13 MB used.
      Class:    483.17 KB used.
       Both:      5.61 MB used.

Virtual space:
  Non-class space:       64.00 MB reserved,       5.25 MB (  8%) committed,  1 nodes.
      Class space:        1.00 GB reserved,     512.00 KB ( <1%) committed,  1 nodes.
             Both:        1.06 GB reserved,       5.75 MB ( <1%) committed. 

Chunk freelists:
   Non-Class:  10.49 MB
       Class:  15.51 MB
        Both:  26.01 MB

MaxMetaspaceSize: unlimited
CompressedClassSpaceSize: 1.00 GB
Initial GC threshold: 21.00 MB
Current GC threshold: 21.00 MB
CDS: off
MetaspaceReclaimPolicy: balanced
 - commit_granule_bytes: 65536.
 - commit_granule_words: 8192.
 - virtual_space_node_default_size: 8388608.
 - enlarge_chunks_in_place: 1.
 - new_chunks_are_fully_committed: 0.
 - uncommit_free_chunks: 1.
 - use_allocation_guard: 0.
 - handle_deallocations: 1.


Internal statistics:

num_allocs_failed_limit: 0.
num_arena_births: 8.
num_arena_deaths: 0.
num_vsnodes_births: 2.
num_vsnodes_deaths: 0.
num_space_committed: 92.
num_space_uncommitted: 0.
num_chunks_returned_to_freelist: 0.
num_chunks_taken_from_freelist: 15.
num_chunk_merges: 0.
num_chunk_splits: 7.
num_chunks_enlarged: 3.
num_inconsistent_stats: 0.

CodeHeap 'non-profiled nmethods': size=120000Kb used=31Kb max_used=31Kb free=119968Kb
 bounds [0x00000210d0c50000, 0x00000210d0ec0000, 0x00000210d8180000]
CodeHeap 'profiled nmethods': size=120000Kb used=135Kb max_used=135Kb free=119865Kb
 bounds [0x00000210c9180000, 0x00000210c93f0000, 0x00000210d06b0000]
CodeHeap 'non-nmethods': size=5760Kb used=1177Kb max_used=1182Kb free=4583Kb
 bounds [0x00000210d06b0000, 0x00000210d0920000, 0x00000210d0c50000]
 total_blobs=481 nmethods=109 adapters=285
 compilation: enabled
              stopped_count=0, restarted_count=0
 full_count=0

Compilation events (20 events):
Event: 2.254 Thread 0x00000210df9cf4e0  100       3       jdk.internal.org.objectweb.asm.ByteVector::putShort (52 bytes)
Event: 2.255 Thread 0x00000210df9cf4e0 nmethod 100 0x00000210c919c690 code [0x00000210c919c840, 0x00000210c919ca48]
Event: 2.255 Thread 0x00000210df9cf4e0   98       3       java.lang.invoke.MethodType::<init> (15 bytes)
Event: 2.255 Thread 0x00000210df9cf4e0 nmethod 98 0x00000210c919cb90 code [0x00000210c919cd40, 0x00000210c919cf58]
Event: 2.255 Thread 0x00000210df9cf4e0   99       3       java.lang.invoke.MethodType$ConcurrentWeakInternSet::get (47 bytes)
Event: 2.255 Thread 0x00000210df9cf4e0 nmethod 99 0x00000210c919d010 code [0x00000210c919d260, 0x00000210c919dbd8]
Event: 2.255 Thread 0x00000210df9cf4e0  102       3       java.lang.StringLatin1::newString (24 bytes)
Event: 2.255 Thread 0x00000210df9cf4e0 nmethod 102 0x00000210c919df90 code [0x00000210c919e160, 0x00000210c919e488]
Event: 2.255 Thread 0x00000210df9cf4e0  103       3       java.lang.StringLatin1::indexOf (36 bytes)
Event: 2.256 Thread 0x00000210df9cf4e0 nmethod 103 0x00000210c919e590 code [0x00000210c919e760, 0x00000210c919eb98]
Event: 2.256 Thread 0x00000210df9cf4e0  105       3       java.lang.invoke.MethodType::parameterCount (6 bytes)
Event: 2.256 Thread 0x00000210df9cf4e0 nmethod 105 0x00000210c919ed10 code [0x00000210c919eea0, 0x00000210c919efb8]
Event: 2.256 Thread 0x00000210df9cf4e0  104       3       java.lang.String::indexOf (7 bytes)
Event: 2.256 Thread 0x00000210df9cf4e0 nmethod 104 0x00000210c919f090 code [0x00000210c919f260, 0x00000210c919f598]
Event: 2.256 Thread 0x00000210df9cf4e0  106       3       java.lang.StringLatin1::replace (198 bytes)
Event: 2.257 Thread 0x00000210df9cf4e0 nmethod 106 0x00000210c919f690 code [0x00000210c919f940, 0x00000210c91a07d8]
Event: 2.257 Thread 0x00000210df9cf4e0  107       3       java.lang.StringBuilder::append (8 bytes)
Event: 2.257 Thread 0x00000210df9cf4e0 nmethod 107 0x00000210c91a0d10 code [0x00000210c91a0ea0, 0x00000210c91a0fe8]
Event: 2.257 Thread 0x00000210df9cf4e0  109       3       java.lang.invoke.MethodType::checkSlotCount (33 bytes)
Event: 2.257 Thread 0x00000210df9cf4e0 nmethod 109 0x00000210c91a1090 code [0x00000210c91a12c0, 0x00000210c91a1978]

GC Heap History (0 events):
No events

Dll operation events (3 events):
Event: 0.796 Loaded shared library C:\Users\laiho\.p2\pool\plugins\org.eclipse.justj.openjdk.hotspot.jre.full.win32.x86_64_17.0.8.v20230831-1047\jre\bin\java.dll
Event: 2.039 Loaded shared library C:\Users\laiho\.p2\pool\plugins\org.eclipse.justj.openjdk.hotspot.jre.full.win32.x86_64_17.0.8.v20230831-1047\jre\bin\net.dll
Event: 2.046 Loaded shared library C:\Users\laiho\.p2\pool\plugins\org.eclipse.justj.openjdk.hotspot.jre.full.win32.x86_64_17.0.8.v20230831-1047\jre\bin\nio.dll

Deoptimization events (0 events):
No events

Classes unloaded (0 events):
No events

Classes redefined (0 events):
No events

Internal exceptions (1 events):
Event: 2.252 Thread 0x00000210c5b33920 Exception <a 'java/lang/NoSuchMethodError'{0x000000008c65cc58}: 'void java.lang.invoke.DirectMethodHandle$Holder.invokeVirtual(java.lang.Object, java.lang.Object)'> (0x000000008c65cc58) 
thrown [s\src\hotspot\share\interpreter\linkResolver.cpp, line 759]

VM Operations (0 events):
No events

Events (20 events):
Event: 2.250 loading class java/nio/file/DirectoryStream
Event: 2.250 loading class java/nio/file/DirectoryStream done
Event: 2.250 loading class sun/nio/fs/WindowsDirectoryStream done
Event: 2.250 loading class java/nio/file/FileTreeWalker$DirectoryNode
Event: 2.250 loading class java/nio/file/FileTreeWalker$DirectoryNode done
Event: 2.250 loading class sun/nio/fs/WindowsDirectoryStream$WindowsDirectoryIterator
Event: 2.250 loading class sun/nio/fs/WindowsDirectoryStream$WindowsDirectoryIterator done
Event: 2.250 loading class java/nio/file/FileTreeWalker$Event
Event: 2.250 loading class java/nio/file/FileTreeWalker$Event done
Event: 2.250 loading class java/nio/file/FileTreeWalker$EventType
Event: 2.250 loading class java/nio/file/FileTreeWalker$EventType done
Event: 2.251 loading class java/util/Spliterators$IteratorSpliterator
Event: 2.251 loading class java/util/Spliterators$IteratorSpliterator done
Event: 2.251 loading class java/lang/NoSuchMethodError
Event: 2.251 loading class java/lang/IncompatibleClassChangeError
Event: 2.252 loading class java/lang/IncompatibleClassChangeError done
Event: 2.252 loading class java/lang/NoSuchMethodError done
Event: 2.254 loading class java/util/stream/ReferencePipeline$2
Event: 2.254 loading class java/util/stream/ReferencePipeline$2 done
Event: 2.257 loading class java/util/stream/Collectors


Dynamic libraries:
0x00007ff758bf0000 - 0x00007ff758bfe000 	C:\Users\laiho\.p2\pool\plugins\org.eclipse.justj.openjdk.hotspot.jre.full.win32.x86_64_17.0.8.v20230831-1047\jre\bin\javaw.exe
0x00007ff8aeff0000 - 0x00007ff8af1e8000 	C:\WINDOWS\SYSTEM32\ntdll.dll
0x00007ff8ad770000 - 0x00007ff8ad82d000 	C:\WINDOWS\System32\KERNEL32.DLL
0x00007ff8ac9f0000 - 0x00007ff8acce6000 	C:\WINDOWS\System32\KERNELBASE.dll
0x00007ff8ace40000 - 0x00007ff8acf40000 	C:\WINDOWS\System32\ucrtbase.dll
0x00007ff881920000 - 0x00007ff881937000 	C:\Users\laiho\.p2\pool\plugins\org.eclipse.justj.openjdk.hotspot.jre.full.win32.x86_64_17.0.8.v20230831-1047\jre\bin\jli.dll
0x00007ff8aebc0000 - 0x00007ff8aed5e000 	C:\WINDOWS\System32\USER32.dll
0x00007ff8acf40000 - 0x00007ff8acf62000 	C:\WINDOWS\System32\win32u.dll
0x00007ff8ae680000 - 0x00007ff8ae6ac000 	C:\WINDOWS\System32\GDI32.dll
0x00007ff8acd20000 - 0x00007ff8ace3a000 	C:\WINDOWS\System32\gdi32full.dll
0x00007ff8ac6d0000 - 0x00007ff8ac76d000 	C:\WINDOWS\System32\msvcp_win.dll
0x00007ff8811a0000 - 0x00007ff8811b9000 	C:\Users\laiho\.p2\pool\plugins\org.eclipse.justj.openjdk.hotspot.jre.full.win32.x86_64_17.0.8.v20230831-1047\jre\bin\VCRUNTIME140.dll
0x00007ff8966e0000 - 0x00007ff89697a000 	C:\WINDOWS\WinSxS\amd64_microsoft.windows.common-controls_6595b64144ccf1df_6.0.19041.1110_none_60b5254171f9507e\COMCTL32.dll
0x00007ff8ae9c0000 - 0x00007ff8aea5e000 	C:\WINDOWS\System32\msvcrt.dll
0x00007ff8ad100000 - 0x00007ff8ad130000 	C:\WINDOWS\System32\IMM32.DLL
0x00007ff89b160000 - 0x00007ff89b2cb000 	C:\WINDOWS\system32\tmumh\20019\AddOn\8.55.0.1134\TmUmEvt64.dll
0x00007ff8aead0000 - 0x00007ff8aead8000 	C:\WINDOWS\System32\PSAPI.DLL
0x00007ff8ad050000 - 0x00007ff8ad0fe000 	C:\WINDOWS\System32\ADVAPI32.dll
0x00007ff8add20000 - 0x00007ff8addbc000 	C:\WINDOWS\System32\sechost.dll
0x00007ff8ae890000 - 0x00007ff8ae9b6000 	C:\WINDOWS\System32\RPCRT4.dll
0x000000006c100000 - 0x000000006c273000 	C:\WINDOWS\system32\tmumh\20019\TmMon\2.9.0.1052\tmmon64.dll
0x00007ff8a3c00000 - 0x00007ff8a3c0c000 	C:\Users\laiho\.p2\pool\plugins\org.eclipse.justj.openjdk.hotspot.jre.full.win32.x86_64_17.0.8.v20230831-1047\jre\bin\vcruntime140_1.dll
0x00007ff880830000 - 0x00007ff8808c1000 	C:\Users\laiho\.p2\pool\plugins\org.eclipse.justj.openjdk.hotspot.jre.full.win32.x86_64_17.0.8.v20230831-1047\jre\bin\msvcp140.dll
0x00007ff844a90000 - 0x00007ff8456dc000 	C:\Users\laiho\.p2\pool\plugins\org.eclipse.justj.openjdk.hotspot.jre.full.win32.x86_64_17.0.8.v20230831-1047\jre\bin\server\jvm.dll
0x00007ff8abc30000 - 0x00007ff8abc7b000 	C:\WINDOWS\SYSTEM32\POWRPROF.dll
0x00007ff8827d0000 - 0x00007ff8827d9000 	C:\WINDOWS\SYSTEM32\WSOCK32.dll
0x00007ff8aea60000 - 0x00007ff8aeacb000 	C:\WINDOWS\System32\WS2_32.dll
0x00007ff8988a0000 - 0x00007ff8988c7000 	C:\WINDOWS\SYSTEM32\WINMM.dll
0x00007ff89fc60000 - 0x00007ff89fc6a000 	C:\WINDOWS\SYSTEM32\VERSION.dll
0x00007ff8abaf0000 - 0x00007ff8abb02000 	C:\WINDOWS\SYSTEM32\UMPDC.dll
0x00007ff8aaef0000 - 0x00007ff8aaf02000 	C:\WINDOWS\SYSTEM32\kernel.appcore.dll
0x00007ff8a5690000 - 0x00007ff8a569a000 	C:\Users\laiho\.p2\pool\plugins\org.eclipse.justj.openjdk.hotspot.jre.full.win32.x86_64_17.0.8.v20230831-1047\jre\bin\jimage.dll
0x00007ff8aa270000 - 0x00007ff8aa454000 	C:\WINDOWS\SYSTEM32\DBGHELP.DLL
0x00007ff898eb0000 - 0x00007ff898ee4000 	C:\WINDOWS\SYSTEM32\dbgcore.DLL
0x00007ff8acf70000 - 0x00007ff8acff2000 	C:\WINDOWS\System32\bcryptPrimitives.dll
0x00007ff8796e0000 - 0x00007ff87971b000 	C:\Users\laiho\.p2\pool\plugins\org.eclipse.justj.openjdk.hotspot.jre.full.win32.x86_64_17.0.8.v20230831-1047\jre\bin\jdwp.dll
0x00007ff898900000 - 0x00007ff89890e000 	C:\Users\laiho\.p2\pool\plugins\org.eclipse.justj.openjdk.hotspot.jre.full.win32.x86_64_17.0.8.v20230831-1047\jre\bin\instrument.dll
0x00007ff88af10000 - 0x00007ff88af35000 	C:\Users\laiho\.p2\pool\plugins\org.eclipse.justj.openjdk.hotspot.jre.full.win32.x86_64_17.0.8.v20230831-1047\jre\bin\java.dll
0x00007ff896030000 - 0x00007ff896048000 	C:\Users\laiho\.p2\pool\plugins\org.eclipse.justj.openjdk.hotspot.jre.full.win32.x86_64_17.0.8.v20230831-1047\jre\bin\zip.dll
0x00007ff8addc0000 - 0x00007ff8ae505000 	C:\WINDOWS\System32\SHELL32.dll
0x00007ff8aa740000 - 0x00007ff8aaedb000 	C:\WINDOWS\SYSTEM32\windows.storage.dll
0x00007ff8ad400000 - 0x00007ff8ad754000 	C:\WINDOWS\System32\combase.dll
0x00007ff8ac110000 - 0x00007ff8ac13e000 	C:\WINDOWS\SYSTEM32\Wldp.dll
0x00007ff8ad2f0000 - 0x00007ff8ad39d000 	C:\WINDOWS\System32\SHCORE.dll
0x00007ff8ae6d0000 - 0x00007ff8ae725000 	C:\WINDOWS\System32\shlwapi.dll
0x00007ff8ac600000 - 0x00007ff8ac625000 	C:\WINDOWS\SYSTEM32\profapi.dll
0x00007ff8959a0000 - 0x00007ff8959b9000 	C:\Users\laiho\.p2\pool\plugins\org.eclipse.justj.openjdk.hotspot.jre.full.win32.x86_64_17.0.8.v20230831-1047\jre\bin\net.dll
0x00007ff8a56c0000 - 0x00007ff8a57ca000 	C:\WINDOWS\SYSTEM32\WINHTTP.dll
0x00007ff8abe70000 - 0x00007ff8abeda000 	C:\WINDOWS\system32\mswsock.dll
0x00007ff88d400000 - 0x00007ff88d415000 	C:\Users\laiho\.p2\pool\plugins\org.eclipse.justj.openjdk.hotspot.jre.full.win32.x86_64_17.0.8.v20230831-1047\jre\bin\nio.dll

dbghelp: loaded successfully - version: 4.0.5 - missing functions: none
symbol engine: initialized successfully - sym options: 0x614 - pdb path: .;C:\Users\laiho\.p2\pool\plugins\org.eclipse.justj.openjdk.hotspot.jre.full.win32.x86_64_17.0.8.v20230831-1047\jre\bin;C:\WINDOWS\SYSTEM32;C:\WINDOWS\WinSxS\amd64_microsoft.windows.common-controls_6595b64144ccf1df_6.0.19041.1110_none_60b5254171f9507e;C:\WINDOWS\system32\tmumh\20019\AddOn\8.55.0.1134;C:\WINDOWS\system32\tmumh\20019\TmMon\2.9.0.1052;C:\Users\laiho\.p2\pool\plugins\org.eclipse.justj.openjdk.hotspot.jre.full.win32.x86_64_17.0.8.v20230831-1047\jre\bin\server

VM Arguments:
jvm_args: -XX:+ShowCodeDetailsInExceptionMessages -agentlib:jdwp=transport=dt_socket,suspend=y,address=localhost:5647 -javaagent:C:\Users\laiho\eclipse\java-2023-06\eclipse\configuration\org.eclipse.osgi\248\0\.cp\lib\javaagent-shaded.jar -Dfile.encoding=UTF-8 --module-path=D:\DEDE\java\HW1\bin -Djdk.module.main=HW1 
java_command: HW1/CLASS1.Page28
java_class_path (initial): .;C:\Program Files (x86)\QuickTime\QTSystem\QTJava.zip
Launcher Type: SUN_STANDARD

[Global flags]
     intx CICompilerCount                          = 4                                         {product} {ergonomic}
     uint ConcGCThreads                            = 2                                         {product} {ergonomic}
     uint G1ConcRefinementThreads                  = 8                                         {product} {ergonomic}
   size_t G1HeapRegionSize                         = 1048576                                   {product} {ergonomic}
    uintx GCDrainStackTargetSize                   = 64                                        {product} {ergonomic}
   size_t InitialHeapSize                          = 130023424                                 {product} {ergonomic}
   size_t MarkStackSize                            = 4194304                                   {product} {ergonomic}
   size_t MaxHeapSize                              = 2067791872                                {product} {ergonomic}
   size_t MaxNewSize                               = 1240465408                                {product} {ergonomic}
   size_t MinHeapDeltaBytes                        = 1048576                                   {product} {ergonomic}
   size_t MinHeapSize                              = 8388608                                   {product} {ergonomic}
    uintx NonNMethodCodeHeapSize                   = 5839372                                {pd product} {ergonomic}
    uintx NonProfiledCodeHeapSize                  = 122909434                              {pd product} {ergonomic}
    uintx ProfiledCodeHeapSize                     = 122909434                              {pd product} {ergonomic}
    uintx ReservedCodeCacheSize                    = 251658240                              {pd product} {ergonomic}
     bool SegmentedCodeCache                       = true                                      {product} {ergonomic}
     bool ShowCodeDetailsInExceptionMessages       = true                                   {manageable} {command line}
   size_t SoftMaxHeapSize                          = 2067791872                             {manageable} {ergonomic}
     bool UseCompressedClassPointers               = true                           {product lp64_product} {ergonomic}
     bool UseCompressedOops                        = true                           {product lp64_product} {ergonomic}
     bool UseG1GC                                  = true                                      {product} {ergonomic}
     bool UseLargePagesIndividualAllocation        = false                                  {pd product} {ergonomic}

Logging:
Log output configuration:
 #0: stdout all=warning uptime,level,tags
 #1: stderr all=off uptime,level,tags

Environment Variables:
CLASSPATH=.;C:\Program Files (x86)\QuickTime\QTSystem\QTJava.zip
PATH=C:\Users\laiho\.p2\pool\plugins\org.eclipse.justj.openjdk.hotspot.jre.full.win32.x86_64_17.0.8.v20230831-1047\jre\bin;C:/Users/laiho/.p2/pool/plugins/org.eclipse.justj.openjdk.hotspot.jre.full.win32.x86_64_17.0.8.v20230831-1047/jre/bin/server;C:/Users/laiho/.p2/pool/plugins/org.eclipse.justj.openjdk.hotspot.jre.full.win32.x86_64_17.0.8.v20230831-1047/jre/bin;C:\Windows\system32;C:\Windows;C:\Windows\System32\Wbem;C:\Windows\System32\WindowsPowerShell\v1.0\;C:\Windows\System32\OpenSSH\;C:\Program Files (x86)\NVIDIA Corporation\PhysX\Common;C:\Program Files\NVIDIA Corporation\NVIDIA NvDLISR;C:\WINDOWS\system32;C:\WINDOWS;C:\WINDOWS\System32\Wbem;C:\WINDOWS\System32\WindowsPowerShell\v1.0\;C:\WINDOWS\System32\OpenSSH\;C:\Program Files\Git\cmd;C:\Program Files\dotnet\;C:\Program Files\MATLAB\R2023a\bin;C:\Program Files (x86)\QuickTime\QTSystem\;C:\Program Files (x86)\IVI Foundation\VISA\WinNT\Bin\;C:\Program Files\IVI Foundation\VISA\Win64\Bin\;C:\Program Files (x86)\IVI Foundation\VISA\WinNT\Bin;C:\Users\laiho\AppData\Local\Microsoft\WindowsApps;;C:\Users\laiho\AppData\Local\Programs\Microsoft VS Code\bin;C:\altera\13.1\modelsim_ase\win32aloem;C:\WINDOWS\system32;
USERNAME=laiho
OS=Windows_NT
PROCESSOR_IDENTIFIER=Intel64 Family 6 Model 140 Stepping 1, GenuineIntel
TMP=C:\Users\laiho\AppData\Local\Temp
TEMP=C:\Users\laiho\AppData\Local\Temp



---------------  S Y S T E M  ---------------

OS:
 Windows 10 , 64 bit Build 19041 (10.0.19041.3393)
OS uptime: 0 days 1:28 hours

CPU: total 8 (initial active 8) (4 cores per cpu, 2 threads per core) family 6 model 140 stepping 1 microcode 0x86, cx8, cmov, fxsr, ht, mmx, 3dnowpref, sse, sse2, sse3, ssse3, sse4.1, sse4.2, popcnt, lzcnt, tsc, tscinvbit, avx, avx2, aes, erms, clmul, bmi1, bmi2, adx, avx512f, avx512dq, avx512cd, avx512bw, avx512vl, sha, fma, vzeroupper, avx512_vpopcntdq, avx512_vpclmulqdq, avx512_vaes, avx512_vnni, clflush, clflushopt, clwb, avx512_vbmi2, avx512_vbmi
Processor Information for processor 0
  Max Mhz: 3110, Current Mhz: 902, Mhz Limit: 3110
Processor Information for processor 1
  Max Mhz: 3110, Current Mhz: 3110, Mhz Limit: 3110
Processor Information for processor 2
  Max Mhz: 3110, Current Mhz: 902, Mhz Limit: 3110
Processor Information for processor 3
  Max Mhz: 3110, Current Mhz: 902, Mhz Limit: 3110
Processor Information for processor 4
  Max Mhz: 3110, Current Mhz: 902, Mhz Limit: 3110
Processor Information for processor 5
  Max Mhz: 3110, Current Mhz: 902, Mhz Limit: 3110
Processor Information for processor 6
  Max Mhz: 3110, Current Mhz: 902, Mhz Limit: 3110
Processor Information for processor 7
  Max Mhz: 3110, Current Mhz: 902, Mhz Limit: 3110

Memory: 4k page, system-wide physical 7883M (194M free)
TotalPageFile size 32459M (AvailPageFile size 676M)
current process WorkingSet (physical memory assigned to process): 35M, peak: 35M
current process commit charge ("private bytes"): 202M, peak: 202M

vm_info: OpenJDK 64-Bit Server VM (17.0.8.1+1) for windows-amd64 JRE (17.0.8.1+1), built on Aug 23 2023 15:29:17 by "admin" with MS VC++ 16.7 (VS2019)

END.
