#
# There is insufficient memory for the Java Runtime Environment to continue.
# Native memory allocation (mmap) failed to map 65536 bytes for Failed to commit metaspace.
# Possible reasons:
#   The system is out of physical RAM or swap space
#   The process is running with CompressedOops enabled, and the Java Heap may be blocking the growth of the native heap
# Possible solutions:
#   Reduce memory load on the system
#   Increase physical memory or swap space
#   Check if swap backing store is full
#   Decrease Java heap size (-Xmx/-Xms)
#   Decrease number of Java threads
#   Decrease Java thread stack sizes (-Xss)
#   Set larger code cache with -XX:ReservedCodeCacheSize=
#   JVM is running with Unscaled Compressed Oops mode in which the Java heap is
#     placed in the first 4GB address space. The Java Heap base address is the
#     maximum limit for the native heap growth. Please use -XX:HeapBaseMinAddress
#     to set the Java Heap base and to place the Java Heap above 4GB virtual address.
# This output file may be truncated or incomplete.
#
#  Out of Memory Error (virtualSpaceNode.cpp:110), pid=47212, tid=48508
#
# JRE version: OpenJDK Runtime Environment Temurin-17.0.8.1+1 (17.0.8.1+1) (build 17.0.8.1+1)
# Java VM: OpenJDK 64-Bit Server VM Temurin-17.0.8.1+1 (17.0.8.1+1, mixed mode, tiered, compressed oops, compressed class ptrs, g1 gc, windows-amd64)
# No core dump will be written. Minidumps are not enabled by default on client versions of Windows
#

---------------  S U M M A R Y ------------

Command Line: -XX:+ShowCodeDetailsInExceptionMessages -agentlib:jdwp=transport=dt_socket,suspend=y,address=localhost:5633 -javaagent:C:\Users\laiho\eclipse\java-2023-06\eclipse\configuration\org.eclipse.osgi\248\0\.cp\lib\javaagent-shaded.jar -Dfile.encoding=UTF-8 --module-path=D:\DEDE\java\HW1\bin -Djdk.module.main=HW1 HW1/CLASS1.Page28

Host: 11th Gen Intel(R) Core(TM) i5-11300H @ 3.10GHz, 8 cores, 7G,  Windows 10 , 64 bit Build 19041 (10.0.19041.3393)
Time: Wed Oct 11 14:34:57 2023  Windows 10 , 64 bit Build 19041 (10.0.19041.3393) elapsed time: 1.673148 seconds (0d 0h 0m 1s)

---------------  T H R E A D  ---------------

Current thread (0x000001eaabf69b00):  JavaThread "main" [_thread_in_vm, id=48508, stack(0x0000002cbb700000,0x0000002cbb800000)]

Stack: [0x0000002cbb700000,0x0000002cbb800000]
Native frames: (J=compiled Java code, j=interpreted, Vv=VM code, C=native code)
V  [jvm.dll+0x678b0a]
V  [jvm.dll+0x835e84]
V  [jvm.dll+0x83762e]
V  [jvm.dll+0x837c93]
V  [jvm.dll+0x24746f]
V  [jvm.dll+0x831f1b]
V  [jvm.dll+0x61d3c6]
V  [jvm.dll+0x61d42a]
V  [jvm.dll+0x61fc5a]
V  [jvm.dll+0x61dd66]
V  [jvm.dll+0x23b9ff]
V  [jvm.dll+0x627c05]
V  [jvm.dll+0x1eb90b]
V  [jvm.dll+0x1ebe45]
V  [jvm.dll+0x1ec87f]
V  [jvm.dll+0x1e1d21]
V  [jvm.dll+0x53fba0]
V  [jvm.dll+0x1f2607]
V  [jvm.dll+0x7b06ab]
V  [jvm.dll+0x7b1a52]
V  [jvm.dll+0x7b1d88]
V  [jvm.dll+0x23f76e]
V  [jvm.dll+0x3818fe]
C  0x000001eab6b075c5

Java frames: (J=compiled Java code, j=interpreted, Vv=VM code)
j  jdk.internal.org.objectweb.asm.MethodWriter.visitLabel(Ljdk/internal/org/objectweb/asm/Label;)V+182 java.base@17.0.8.1
j  jdk.internal.org.objectweb.asm.MethodWriter.<init>(Ljdk/internal/org/objectweb/asm/SymbolTable;ILjava/lang/String;Ljava/lang/String;Ljava/lang/String;[Ljava/lang/String;I)V+228 java.base@17.0.8.1
j  jdk.internal.org.objectweb.asm.ClassWriter.visitMethod(ILjava/lang/String;Ljava/lang/String;Ljava/lang/String;[Ljava/lang/String;)Ljdk/internal/org/objectweb/asm/MethodVisitor;+19 java.base@17.0.8.1
j  java.lang.invoke.InvokerBytecodeGenerator.methodPrologue()V+22 java.base@17.0.8.1
j  java.lang.invoke.InvokerBytecodeGenerator.addMethod()V+1 java.base@17.0.8.1
j  java.lang.invoke.InvokerBytecodeGenerator.generateCustomizedCodeBytes()[B+6 java.base@17.0.8.1
j  java.lang.invoke.InvokerBytecodeGenerator.generateCustomizedCode(Ljava/lang/invoke/LambdaForm;Ljava/lang/invoke/MethodType;)Ljava/lang/invoke/MemberName;+27 java.base@17.0.8.1
j  java.lang.invoke.LambdaForm.compileToBytecode()V+69 java.base@17.0.8.1
j  java.lang.invoke.LambdaForm.prepare()V+21 java.base@17.0.8.1
j  java.lang.invoke.MethodHandle.<init>(Ljava/lang/invoke/MethodType;Ljava/lang/invoke/LambdaForm;)V+33 java.base@17.0.8.1
j  java.lang.invoke.BoundMethodHandle.<init>(Ljava/lang/invoke/MethodType;Ljava/lang/invoke/LambdaForm;)V+3 java.base@17.0.8.1
j  java.lang.invoke.BoundMethodHandle$Species_L.<init>(Ljava/lang/invoke/MethodType;Ljava/lang/invoke/LambdaForm;Ljava/lang/Object;)V+3 java.base@17.0.8.1
j  java.lang.invoke.BoundMethodHandle$Species_L.make(Ljava/lang/invoke/MethodType;Ljava/lang/invoke/LambdaForm;Ljava/lang/Object;)Ljava/lang/invoke/BoundMethodHandle;+7 java.base@17.0.8.1
j  java.lang.invoke.BoundMethodHandle.bindSingle(Ljava/lang/invoke/MethodType;Ljava/lang/invoke/LambdaForm;Ljava/lang/Object;)Ljava/lang/invoke/BoundMethodHandle;+3 java.base@17.0.8.1
j  java.lang.invoke.SimpleMethodHandle.copyWithExtendL(Ljava/lang/invoke/MethodType;Ljava/lang/invoke/LambdaForm;Ljava/lang/Object;)Ljava/lang/invoke/BoundMethodHandle;+3 java.base@17.0.8.1
j  java.lang.invoke.LambdaFormEditor.bindArgumentL(Ljava/lang/invoke/BoundMethodHandle;ILjava/lang/Object;)Ljava/lang/invoke/BoundMethodHandle;+55 java.base@17.0.8.1
j  java.lang.invoke.BoundMethodHandle.bindArgumentL(ILjava/lang/Object;)Ljava/lang/invoke/BoundMethodHandle;+7 java.base@17.0.8.1
j  java.lang.invoke.MethodHandle.bindArgumentL(ILjava/lang/Object;)Ljava/lang/invoke/BoundMethodHandle;+6 java.base@17.0.8.1
j  java.lang.invoke.MethodHandle.bindTo(Ljava/lang/Object;)Ljava/lang/invoke/MethodHandle;+15 java.base@17.0.8.1
j  java.lang.invoke.MethodHandles.constant(Ljava/lang/Class;Ljava/lang/Object;)Ljava/lang/invoke/MethodHandle;+84 java.base@17.0.8.1
j  java.lang.invoke.InnerClassLambdaMetafactory.buildCallSite()Ljava/lang/invoke/CallSite;+140 java.base@17.0.8.1
j  java.lang.invoke.LambdaMetafactory.metafactory(Ljava/lang/invoke/MethodHandles$Lookup;Ljava/lang/String;Ljava/lang/invoke/MethodType;Ljava/lang/invoke/MethodType;Ljava/lang/invoke/MethodHandle;Ljava/lang/invoke/MethodType;)Ljava/lang/invoke/CallSite;+67 java.base@17.0.8.1
j  java.lang.invoke.DirectMethodHandle$Holder.invokeStatic(Ljava/lang/Object;Ljava/lang/Object;Ljava/lang/Object;Ljava/lang/Object;Ljava/lang/Object;Ljava/lang/Object;Ljava/lang/Object;)Ljava/lang/Object;+20 java.base@17.0.8.1
j  java.lang.invoke.Invokers$Holder.invokeExact_MT(Ljava/lang/Object;Ljava/lang/Object;Ljava/lang/Object;Ljava/lang/Object;Ljava/lang/Object;Ljava/lang/Object;Ljava/lang/Object;Ljava/lang/Object;)Ljava/lang/Object;+28 java.base@17.0.8.1
j  java.lang.invoke.BootstrapMethodInvoker.invoke(Ljava/lang/Class;Ljava/lang/invoke/MethodHandle;Ljava/lang/String;Ljava/lang/Object;Ljava/lang/Object;Ljava/lang/Class;)Ljava/lang/Object;+319 java.base@17.0.8.1
j  java.lang.invoke.CallSite.makeSite(Ljava/lang/invoke/MethodHandle;Ljava/lang/String;Ljava/lang/invoke/MethodType;Ljava/lang/Object;Ljava/lang/Class;)Ljava/lang/invoke/CallSite;+8 java.base@17.0.8.1
j  java.lang.invoke.MethodHandleNatives.linkCallSiteImpl(Ljava/lang/Class;Ljava/lang/invoke/MethodHandle;Ljava/lang/String;Ljava/lang/invoke/MethodType;Ljava/lang/Object;[Ljava/lang/Object;)Ljava/lang/invoke/MemberName;+6 java.base@17.0.8.1
j  java.lang.invoke.MethodHandleNatives.linkCallSite(Ljava/lang/Object;ILjava/lang/Object;Ljava/lang/Object;Ljava/lang/Object;Ljava/lang/Object;[Ljava/lang/Object;)Ljava/lang/invoke/MemberName;+46 java.base@17.0.8.1
v  ~StubRoutines::call_stub
j  java.lang.module.ModuleFinder$2.find(Ljava/lang/String;)Ljava/util/Optional;+43 java.base@17.0.8.1
j  java.lang.module.Resolver.findWithBeforeFinder(Ljava/lang/String;)Ljava/lang/module/ModuleReference;+5 java.base@17.0.8.1
j  java.lang.module.Resolver.resolve(Ljava/util/Collection;)Ljava/lang/module/Resolver;+38 java.base@17.0.8.1
j  java.lang.module.Configuration.resolveAndBind(Ljava/lang/module/ModuleFinder;Ljava/util/Collection;Ljava/io/PrintStream;)Ljava/lang/module/Configuration;+29 java.base@17.0.8.1
j  java.lang.module.ModuleDescriptor$1.resolveAndBind(Ljava/lang/module/ModuleFinder;Ljava/util/Collection;Ljava/io/PrintStream;)Ljava/lang/module/Configuration;+3 java.base@17.0.8.1
j  jdk.internal.module.Modules.newBootLayerConfiguration(Ljava/lang/module/ModuleFinder;Ljava/util/Collection;Ljava/io/PrintStream;)Ljava/lang/module/Configuration;+6 java.base@17.0.8.1
j  jdk.internal.module.ModuleBootstrap.boot2()Ljava/lang/ModuleLayer;+896 java.base@17.0.8.1
j  jdk.internal.module.ModuleBootstrap.boot()Ljava/lang/ModuleLayer;+64 java.base@17.0.8.1
j  java.lang.System.initPhase2(ZZ)I+0 java.base@17.0.8.1
v  ~StubRoutines::call_stub

---------------  P R O C E S S  ---------------

Threads class SMR info:
_java_thread_list=0x000001eaca251be0, length=11, elements={
0x000001eaabf69b00, 0x000001eaca07d020, 0x000001eaca07dcc0, 0x000001eaca0b8020,
0x000001eaca090b40, 0x000001eaca093420, 0x000001eaca093cf0, 0x000001eaca0d2840,
0x000001eaca13fb00, 0x000001eaca147780, 0x000001eaca1cd380
}

Java Threads: ( => current thread )
=>0x000001eaabf69b00 JavaThread "main" [_thread_in_vm, id=48508, stack(0x0000002cbb700000,0x0000002cbb800000)]
  0x000001eaca07d020 JavaThread "Reference Handler" daemon [_thread_blocked, id=50560, stack(0x0000002cbbe00000,0x0000002cbbf00000)]
  0x000001eaca07dcc0 JavaThread "Finalizer" daemon [_thread_blocked, id=50588, stack(0x0000002cbbf00000,0x0000002cbc000000)]
  0x000001eaca0b8020 JavaThread "Signal Dispatcher" daemon [_thread_blocked, id=50652, stack(0x0000002cbc000000,0x0000002cbc100000)]
  0x000001eaca090b40 JavaThread "Attach Listener" daemon [_thread_blocked, id=50656, stack(0x0000002cbc100000,0x0000002cbc200000)]
  0x000001eaca093420 JavaThread "Service Thread" daemon [_thread_blocked, id=50660, stack(0x0000002cbc200000,0x0000002cbc300000)]
  0x000001eaca093cf0 JavaThread "Monitor Deflation Thread" daemon [_thread_blocked, id=50664, stack(0x0000002cbc300000,0x0000002cbc400000)]
  0x000001eaca0d2840 JavaThread "C2 CompilerThread0" daemon [_thread_blocked, id=50668, stack(0x0000002cbc400000,0x0000002cbc500000)]
  0x000001eaca13fb00 JavaThread "C1 CompilerThread0" daemon [_thread_blocked, id=50672, stack(0x0000002cbc500000,0x0000002cbc600000)]
  0x000001eaca147780 JavaThread "Sweeper thread" daemon [_thread_blocked, id=50840, stack(0x0000002cbc600000,0x0000002cbc700000)]
  0x000001eaca1cd380 JavaThread "Common-Cleaner" daemon [_thread_blocked, id=50972, stack(0x0000002cbc700000,0x0000002cbc800000)]

Other Threads:
  0x000001eac341ec30 VMThread "VM Thread" [stack: 0x0000002cbbd00000,0x0000002cbbe00000] [id=50504]
  0x000001eaabfa44a0 GCTaskThread "GC Thread#0" [stack: 0x0000002cbb800000,0x0000002cbb900000] [id=50420]
  0x000001eaa94fdd80 ConcurrentGCThread "G1 Main Marker" [stack: 0x0000002cbb900000,0x0000002cbba00000] [id=50424]
  0x000001eaa94febe0 ConcurrentGCThread "G1 Conc#0" [stack: 0x0000002cbba00000,0x0000002cbbb00000] [id=50432]
  0x000001eac32bb220 ConcurrentGCThread "G1 Refine#0" [stack: 0x0000002cbbb00000,0x0000002cbbc00000] [id=50448]
  0x000001eac32bbb50 ConcurrentGCThread "G1 Service" [stack: 0x0000002cbbc00000,0x0000002cbbd00000] [id=50452]

Threads with active compile tasks:

VM state: not at safepoint (normal execution)

VM Mutex/Monitor currently owned by a thread:  ([mutex/lock_event])
[0x000001eaabf64700] Metaspace_lock - owner thread: 0x000001eaabf69b00

Heap address: 0x0000000084c00000, size: 1972 MB, Compressed Oops mode: 32-bit

CDS archive(s) not mapped
Compressed class space mapped at: 0x0000000100000000-0x0000000140000000, reserved size: 1073741824
Narrow klass base: 0x0000000000000000, Narrow klass shift: 3, Narrow klass range: 0x140000000

GC Precious Log:
 CPUs: 8 total, 8 available
 Memory: 7883M
 Large Page Support: Disabled
 NUMA Support: Disabled
 Compressed Oops: Enabled (32-bit)
 Heap Region Size: 1M
 Heap Min Capacity: 8M
 Heap Initial Capacity: 124M
 Heap Max Capacity: 1972M
 Pre-touch: Disabled
 Parallel Workers: 8
 Concurrent Workers: 2
 Concurrent Refinement Workers: 8
 Periodic GC: Disabled

Heap:
 garbage-first heap   total 126976K, used 1024K [0x0000000084c00000, 0x0000000100000000)
  region size 1024K, 2 young (2048K), 0 survivors (0K)
 Metaspace       used 4995K, committed 5056K, reserved 1114112K
  class space    used 387K, committed 448K, reserved 1048576K

Heap Regions: E=young(eden), S=young(survivor), O=old, HS=humongous(starts), HC=humongous(continues), CS=collection set, F=free, OA=open archive, CA=closed archive, TAMS=top-at-mark-start (previous, next)
|   0|0x0000000084c00000, 0x0000000084c00000, 0x0000000084d00000|  0%| F|  |TAMS 0x0000000084c00000, 0x0000000084c00000| Untracked 
|   1|0x0000000084d00000, 0x0000000084d00000, 0x0000000084e00000|  0%| F|  |TAMS 0x0000000084d00000, 0x0000000084d00000| Untracked 
|   2|0x0000000084e00000, 0x0000000084e00000, 0x0000000084f00000|  0%| F|  |TAMS 0x0000000084e00000, 0x0000000084e00000| Untracked 
|   3|0x0000000084f00000, 0x0000000084f00000, 0x0000000085000000|  0%| F|  |TAMS 0x0000000084f00000, 0x0000000084f00000| Untracked 
|   4|0x0000000085000000, 0x0000000085000000, 0x0000000085100000|  0%| F|  |TAMS 0x0000000085000000, 0x0000000085000000| Untracked 
|   5|0x0000000085100000, 0x0000000085100000, 0x0000000085200000|  0%| F|  |TAMS 0x0000000085100000, 0x0000000085100000| Untracked 
|   6|0x0000000085200000, 0x0000000085200000, 0x0000000085300000|  0%| F|  |TAMS 0x0000000085200000, 0x0000000085200000| Untracked 
|   7|0x0000000085300000, 0x0000000085300000, 0x0000000085400000|  0%| F|  |TAMS 0x0000000085300000, 0x0000000085300000| Untracked 
|   8|0x0000000085400000, 0x0000000085400000, 0x0000000085500000|  0%| F|  |TAMS 0x0000000085400000, 0x0000000085400000| Untracked 
|   9|0x0000000085500000, 0x0000000085500000, 0x0000000085600000|  0%| F|  |TAMS 0x0000000085500000, 0x0000000085500000| Untracked 
|  10|0x0000000085600000, 0x0000000085600000, 0x0000000085700000|  0%| F|  |TAMS 0x0000000085600000, 0x0000000085600000| Untracked 
|  11|0x0000000085700000, 0x0000000085700000, 0x0000000085800000|  0%| F|  |TAMS 0x0000000085700000, 0x0000000085700000| Untracked 
|  12|0x0000000085800000, 0x0000000085800000, 0x0000000085900000|  0%| F|  |TAMS 0x0000000085800000, 0x0000000085800000| Untracked 
|  13|0x0000000085900000, 0x0000000085900000, 0x0000000085a00000|  0%| F|  |TAMS 0x0000000085900000, 0x0000000085900000| Untracked 
|  14|0x0000000085a00000, 0x0000000085a00000, 0x0000000085b00000|  0%| F|  |TAMS 0x0000000085a00000, 0x0000000085a00000| Untracked 
|  15|0x0000000085b00000, 0x0000000085b00000, 0x0000000085c00000|  0%| F|  |TAMS 0x0000000085b00000, 0x0000000085b00000| Untracked 
|  16|0x0000000085c00000, 0x0000000085c00000, 0x0000000085d00000|  0%| F|  |TAMS 0x0000000085c00000, 0x0000000085c00000| Untracked 
|  17|0x0000000085d00000, 0x0000000085d00000, 0x0000000085e00000|  0%| F|  |TAMS 0x0000000085d00000, 0x0000000085d00000| Untracked 
|  18|0x0000000085e00000, 0x0000000085e00000, 0x0000000085f00000|  0%| F|  |TAMS 0x0000000085e00000, 0x0000000085e00000| Untracked 
|  19|0x0000000085f00000, 0x0000000085f00000, 0x0000000086000000|  0%| F|  |TAMS 0x0000000085f00000, 0x0000000085f00000| Untracked 
|  20|0x0000000086000000, 0x0000000086000000, 0x0000000086100000|  0%| F|  |TAMS 0x0000000086000000, 0x0000000086000000| Untracked 
|  21|0x0000000086100000, 0x0000000086100000, 0x0000000086200000|  0%| F|  |TAMS 0x0000000086100000, 0x0000000086100000| Untracked 
|  22|0x0000000086200000, 0x0000000086200000, 0x0000000086300000|  0%| F|  |TAMS 0x0000000086200000, 0x0000000086200000| Untracked 
|  23|0x0000000086300000, 0x0000000086300000, 0x0000000086400000|  0%| F|  |TAMS 0x0000000086300000, 0x0000000086300000| Untracked 
|  24|0x0000000086400000, 0x0000000086400000, 0x0000000086500000|  0%| F|  |TAMS 0x0000000086400000, 0x0000000086400000| Untracked 
|  25|0x0000000086500000, 0x0000000086500000, 0x0000000086600000|  0%| F|  |TAMS 0x0000000086500000, 0x0000000086500000| Untracked 
|  26|0x0000000086600000, 0x0000000086600000, 0x0000000086700000|  0%| F|  |TAMS 0x0000000086600000, 0x0000000086600000| Untracked 
|  27|0x0000000086700000, 0x0000000086700000, 0x0000000086800000|  0%| F|  |TAMS 0x0000000086700000, 0x0000000086700000| Untracked 
|  28|0x0000000086800000, 0x0000000086800000, 0x0000000086900000|  0%| F|  |TAMS 0x0000000086800000, 0x0000000086800000| Untracked 
|  29|0x0000000086900000, 0x0000000086900000, 0x0000000086a00000|  0%| F|  |TAMS 0x0000000086900000, 0x0000000086900000| Untracked 
|  30|0x0000000086a00000, 0x0000000086a00000, 0x0000000086b00000|  0%| F|  |TAMS 0x0000000086a00000, 0x0000000086a00000| Untracked 
|  31|0x0000000086b00000, 0x0000000086b00000, 0x0000000086c00000|  0%| F|  |TAMS 0x0000000086b00000, 0x0000000086b00000| Untracked 
|  32|0x0000000086c00000, 0x0000000086c00000, 0x0000000086d00000|  0%| F|  |TAMS 0x0000000086c00000, 0x0000000086c00000| Untracked 
|  33|0x0000000086d00000, 0x0000000086d00000, 0x0000000086e00000|  0%| F|  |TAMS 0x0000000086d00000, 0x0000000086d00000| Untracked 
|  34|0x0000000086e00000, 0x0000000086e00000, 0x0000000086f00000|  0%| F|  |TAMS 0x0000000086e00000, 0x0000000086e00000| Untracked 
|  35|0x0000000086f00000, 0x0000000086f00000, 0x0000000087000000|  0%| F|  |TAMS 0x0000000086f00000, 0x0000000086f00000| Untracked 
|  36|0x0000000087000000, 0x0000000087000000, 0x0000000087100000|  0%| F|  |TAMS 0x0000000087000000, 0x0000000087000000| Untracked 
|  37|0x0000000087100000, 0x0000000087100000, 0x0000000087200000|  0%| F|  |TAMS 0x0000000087100000, 0x0000000087100000| Untracked 
|  38|0x0000000087200000, 0x0000000087200000, 0x0000000087300000|  0%| F|  |TAMS 0x0000000087200000, 0x0000000087200000| Untracked 
|  39|0x0000000087300000, 0x0000000087300000, 0x0000000087400000|  0%| F|  |TAMS 0x0000000087300000, 0x0000000087300000| Untracked 
|  40|0x0000000087400000, 0x0000000087400000, 0x0000000087500000|  0%| F|  |TAMS 0x0000000087400000, 0x0000000087400000| Untracked 
|  41|0x0000000087500000, 0x0000000087500000, 0x0000000087600000|  0%| F|  |TAMS 0x0000000087500000, 0x0000000087500000| Untracked 
|  42|0x0000000087600000, 0x0000000087600000, 0x0000000087700000|  0%| F|  |TAMS 0x0000000087600000, 0x0000000087600000| Untracked 
|  43|0x0000000087700000, 0x0000000087700000, 0x0000000087800000|  0%| F|  |TAMS 0x0000000087700000, 0x0000000087700000| Untracked 
|  44|0x0000000087800000, 0x0000000087800000, 0x0000000087900000|  0%| F|  |TAMS 0x0000000087800000, 0x0000000087800000| Untracked 
|  45|0x0000000087900000, 0x0000000087900000, 0x0000000087a00000|  0%| F|  |TAMS 0x0000000087900000, 0x0000000087900000| Untracked 
|  46|0x0000000087a00000, 0x0000000087a00000, 0x0000000087b00000|  0%| F|  |TAMS 0x0000000087a00000, 0x0000000087a00000| Untracked 
|  47|0x0000000087b00000, 0x0000000087b00000, 0x0000000087c00000|  0%| F|  |TAMS 0x0000000087b00000, 0x0000000087b00000| Untracked 
|  48|0x0000000087c00000, 0x0000000087c00000, 0x0000000087d00000|  0%| F|  |TAMS 0x0000000087c00000, 0x0000000087c00000| Untracked 
|  49|0x0000000087d00000, 0x0000000087d00000, 0x0000000087e00000|  0%| F|  |TAMS 0x0000000087d00000, 0x0000000087d00000| Untracked 
|  50|0x0000000087e00000, 0x0000000087e00000, 0x0000000087f00000|  0%| F|  |TAMS 0x0000000087e00000, 0x0000000087e00000| Untracked 
|  51|0x0000000087f00000, 0x0000000087f00000, 0x0000000088000000|  0%| F|  |TAMS 0x0000000087f00000, 0x0000000087f00000| Untracked 
|  52|0x0000000088000000, 0x0000000088000000, 0x0000000088100000|  0%| F|  |TAMS 0x0000000088000000, 0x0000000088000000| Untracked 
|  53|0x0000000088100000, 0x0000000088100000, 0x0000000088200000|  0%| F|  |TAMS 0x0000000088100000, 0x0000000088100000| Untracked 
|  54|0x0000000088200000, 0x0000000088200000, 0x0000000088300000|  0%| F|  |TAMS 0x0000000088200000, 0x0000000088200000| Untracked 
|  55|0x0000000088300000, 0x0000000088300000, 0x0000000088400000|  0%| F|  |TAMS 0x0000000088300000, 0x0000000088300000| Untracked 
|  56|0x0000000088400000, 0x0000000088400000, 0x0000000088500000|  0%| F|  |TAMS 0x0000000088400000, 0x0000000088400000| Untracked 
|  57|0x0000000088500000, 0x0000000088500000, 0x0000000088600000|  0%| F|  |TAMS 0x0000000088500000, 0x0000000088500000| Untracked 
|  58|0x0000000088600000, 0x0000000088600000, 0x0000000088700000|  0%| F|  |TAMS 0x0000000088600000, 0x0000000088600000| Untracked 
|  59|0x0000000088700000, 0x0000000088700000, 0x0000000088800000|  0%| F|  |TAMS 0x0000000088700000, 0x0000000088700000| Untracked 
|  60|0x0000000088800000, 0x0000000088800000, 0x0000000088900000|  0%| F|  |TAMS 0x0000000088800000, 0x0000000088800000| Untracked 
|  61|0x0000000088900000, 0x0000000088900000, 0x0000000088a00000|  0%| F|  |TAMS 0x0000000088900000, 0x0000000088900000| Untracked 
|  62|0x0000000088a00000, 0x0000000088a00000, 0x0000000088b00000|  0%| F|  |TAMS 0x0000000088a00000, 0x0000000088a00000| Untracked 
|  63|0x0000000088b00000, 0x0000000088b00000, 0x0000000088c00000|  0%| F|  |TAMS 0x0000000088b00000, 0x0000000088b00000| Untracked 
|  64|0x0000000088c00000, 0x0000000088c00000, 0x0000000088d00000|  0%| F|  |TAMS 0x0000000088c00000, 0x0000000088c00000| Untracked 
|  65|0x0000000088d00000, 0x0000000088d00000, 0x0000000088e00000|  0%| F|  |TAMS 0x0000000088d00000, 0x0000000088d00000| Untracked 
|  66|0x0000000088e00000, 0x0000000088e00000, 0x0000000088f00000|  0%| F|  |TAMS 0x0000000088e00000, 0x0000000088e00000| Untracked 
|  67|0x0000000088f00000, 0x0000000088f00000, 0x0000000089000000|  0%| F|  |TAMS 0x0000000088f00000, 0x0000000088f00000| Untracked 
|  68|0x0000000089000000, 0x0000000089000000, 0x0000000089100000|  0%| F|  |TAMS 0x0000000089000000, 0x0000000089000000| Untracked 
|  69|0x0000000089100000, 0x0000000089100000, 0x0000000089200000|  0%| F|  |TAMS 0x0000000089100000, 0x0000000089100000| Untracked 
|  70|0x0000000089200000, 0x0000000089200000, 0x0000000089300000|  0%| F|  |TAMS 0x0000000089200000, 0x0000000089200000| Untracked 
|  71|0x0000000089300000, 0x0000000089300000, 0x0000000089400000|  0%| F|  |TAMS 0x0000000089300000, 0x0000000089300000| Untracked 
|  72|0x0000000089400000, 0x0000000089400000, 0x0000000089500000|  0%| F|  |TAMS 0x0000000089400000, 0x0000000089400000| Untracked 
|  73|0x0000000089500000, 0x0000000089500000, 0x0000000089600000|  0%| F|  |TAMS 0x0000000089500000, 0x0000000089500000| Untracked 
|  74|0x0000000089600000, 0x0000000089600000, 0x0000000089700000|  0%| F|  |TAMS 0x0000000089600000, 0x0000000089600000| Untracked 
|  75|0x0000000089700000, 0x0000000089700000, 0x0000000089800000|  0%| F|  |TAMS 0x0000000089700000, 0x0000000089700000| Untracked 
|  76|0x0000000089800000, 0x0000000089800000, 0x0000000089900000|  0%| F|  |TAMS 0x0000000089800000, 0x0000000089800000| Untracked 
|  77|0x0000000089900000, 0x0000000089900000, 0x0000000089a00000|  0%| F|  |TAMS 0x0000000089900000, 0x0000000089900000| Untracked 
|  78|0x0000000089a00000, 0x0000000089a00000, 0x0000000089b00000|  0%| F|  |TAMS 0x0000000089a00000, 0x0000000089a00000| Untracked 
|  79|0x0000000089b00000, 0x0000000089b00000, 0x0000000089c00000|  0%| F|  |TAMS 0x0000000089b00000, 0x0000000089b00000| Untracked 
|  80|0x0000000089c00000, 0x0000000089c00000, 0x0000000089d00000|  0%| F|  |TAMS 0x0000000089c00000, 0x0000000089c00000| Untracked 
|  81|0x0000000089d00000, 0x0000000089d00000, 0x0000000089e00000|  0%| F|  |TAMS 0x0000000089d00000, 0x0000000089d00000| Untracked 
|  82|0x0000000089e00000, 0x0000000089e00000, 0x0000000089f00000|  0%| F|  |TAMS 0x0000000089e00000, 0x0000000089e00000| Untracked 
|  83|0x0000000089f00000, 0x0000000089f00000, 0x000000008a000000|  0%| F|  |TAMS 0x0000000089f00000, 0x0000000089f00000| Untracked 
|  84|0x000000008a000000, 0x000000008a000000, 0x000000008a100000|  0%| F|  |TAMS 0x000000008a000000, 0x000000008a000000| Untracked 
|  85|0x000000008a100000, 0x000000008a100000, 0x000000008a200000|  0%| F|  |TAMS 0x000000008a100000, 0x000000008a100000| Untracked 
|  86|0x000000008a200000, 0x000000008a200000, 0x000000008a300000|  0%| F|  |TAMS 0x000000008a200000, 0x000000008a200000| Untracked 
|  87|0x000000008a300000, 0x000000008a300000, 0x000000008a400000|  0%| F|  |TAMS 0x000000008a300000, 0x000000008a300000| Untracked 
|  88|0x000000008a400000, 0x000000008a400000, 0x000000008a500000|  0%| F|  |TAMS 0x000000008a400000, 0x000000008a400000| Untracked 
|  89|0x000000008a500000, 0x000000008a500000, 0x000000008a600000|  0%| F|  |TAMS 0x000000008a500000, 0x000000008a500000| Untracked 
|  90|0x000000008a600000, 0x000000008a600000, 0x000000008a700000|  0%| F|  |TAMS 0x000000008a600000, 0x000000008a600000| Untracked 
|  91|0x000000008a700000, 0x000000008a700000, 0x000000008a800000|  0%| F|  |TAMS 0x000000008a700000, 0x000000008a700000| Untracked 
|  92|0x000000008a800000, 0x000000008a800000, 0x000000008a900000|  0%| F|  |TAMS 0x000000008a800000, 0x000000008a800000| Untracked 
|  93|0x000000008a900000, 0x000000008a900000, 0x000000008aa00000|  0%| F|  |TAMS 0x000000008a900000, 0x000000008a900000| Untracked 
|  94|0x000000008aa00000, 0x000000008aa00000, 0x000000008ab00000|  0%| F|  |TAMS 0x000000008aa00000, 0x000000008aa00000| Untracked 
|  95|0x000000008ab00000, 0x000000008ab00000, 0x000000008ac00000|  0%| F|  |TAMS 0x000000008ab00000, 0x000000008ab00000| Untracked 
|  96|0x000000008ac00000, 0x000000008ac00000, 0x000000008ad00000|  0%| F|  |TAMS 0x000000008ac00000, 0x000000008ac00000| Untracked 
|  97|0x000000008ad00000, 0x000000008ad00000, 0x000000008ae00000|  0%| F|  |TAMS 0x000000008ad00000, 0x000000008ad00000| Untracked 
|  98|0x000000008ae00000, 0x000000008ae00000, 0x000000008af00000|  0%| F|  |TAMS 0x000000008ae00000, 0x000000008ae00000| Untracked 
|  99|0x000000008af00000, 0x000000008af00000, 0x000000008b000000|  0%| F|  |TAMS 0x000000008af00000, 0x000000008af00000| Untracked 
| 100|0x000000008b000000, 0x000000008b000000, 0x000000008b100000|  0%| F|  |TAMS 0x000000008b000000, 0x000000008b000000| Untracked 
| 101|0x000000008b100000, 0x000000008b100000, 0x000000008b200000|  0%| F|  |TAMS 0x000000008b100000, 0x000000008b100000| Untracked 
| 102|0x000000008b200000, 0x000000008b200000, 0x000000008b300000|  0%| F|  |TAMS 0x000000008b200000, 0x000000008b200000| Untracked 
| 103|0x000000008b300000, 0x000000008b300000, 0x000000008b400000|  0%| F|  |TAMS 0x000000008b300000, 0x000000008b300000| Untracked 
| 104|0x000000008b400000, 0x000000008b400000, 0x000000008b500000|  0%| F|  |TAMS 0x000000008b400000, 0x000000008b400000| Untracked 
| 105|0x000000008b500000, 0x000000008b500000, 0x000000008b600000|  0%| F|  |TAMS 0x000000008b500000, 0x000000008b500000| Untracked 
| 106|0x000000008b600000, 0x000000008b600000, 0x000000008b700000|  0%| F|  |TAMS 0x000000008b600000, 0x000000008b600000| Untracked 
| 107|0x000000008b700000, 0x000000008b700000, 0x000000008b800000|  0%| F|  |TAMS 0x000000008b700000, 0x000000008b700000| Untracked 
| 108|0x000000008b800000, 0x000000008b800000, 0x000000008b900000|  0%| F|  |TAMS 0x000000008b800000, 0x000000008b800000| Untracked 
| 109|0x000000008b900000, 0x000000008b900000, 0x000000008ba00000|  0%| F|  |TAMS 0x000000008b900000, 0x000000008b900000| Untracked 
| 110|0x000000008ba00000, 0x000000008ba00000, 0x000000008bb00000|  0%| F|  |TAMS 0x000000008ba00000, 0x000000008ba00000| Untracked 
| 111|0x000000008bb00000, 0x000000008bb00000, 0x000000008bc00000|  0%| F|  |TAMS 0x000000008bb00000, 0x000000008bb00000| Untracked 
| 112|0x000000008bc00000, 0x000000008bc00000, 0x000000008bd00000|  0%| F|  |TAMS 0x000000008bc00000, 0x000000008bc00000| Untracked 
| 113|0x000000008bd00000, 0x000000008bd00000, 0x000000008be00000|  0%| F|  |TAMS 0x000000008bd00000, 0x000000008bd00000| Untracked 
| 114|0x000000008be00000, 0x000000008be00000, 0x000000008bf00000|  0%| F|  |TAMS 0x000000008be00000, 0x000000008be00000| Untracked 
| 115|0x000000008bf00000, 0x000000008bf00000, 0x000000008c000000|  0%| F|  |TAMS 0x000000008bf00000, 0x000000008bf00000| Untracked 
| 116|0x000000008c000000, 0x000000008c000000, 0x000000008c100000|  0%| F|  |TAMS 0x000000008c000000, 0x000000008c000000| Untracked 
| 117|0x000000008c100000, 0x000000008c100000, 0x000000008c200000|  0%| F|  |TAMS 0x000000008c100000, 0x000000008c100000| Untracked 
| 118|0x000000008c200000, 0x000000008c200000, 0x000000008c300000|  0%| F|  |TAMS 0x000000008c200000, 0x000000008c200000| Untracked 
| 119|0x000000008c300000, 0x000000008c300000, 0x000000008c400000|  0%| F|  |TAMS 0x000000008c300000, 0x000000008c300000| Untracked 
| 120|0x000000008c400000, 0x000000008c400000, 0x000000008c500000|  0%| F|  |TAMS 0x000000008c400000, 0x000000008c400000| Untracked 
| 121|0x000000008c500000, 0x000000008c500000, 0x000000008c600000|  0%| F|  |TAMS 0x000000008c500000, 0x000000008c500000| Untracked 
| 122|0x000000008c600000, 0x000000008c6ec0d0, 0x000000008c700000| 92%| E|  |TAMS 0x000000008c600000, 0x000000008c600000| Complete 
| 123|0x000000008c700000, 0x000000008c800000, 0x000000008c800000|100%| E|CS|TAMS 0x000000008c700000, 0x000000008c700000| Complete 

Card table byte_map: [0x000001eabecc0000,0x000001eabf0a0000] _byte_map_base: 0x000001eabe89a000

Marking Bits (Prev, Next): (CMBitMap*) 0x000001eaabfa48d0, (CMBitMap*) 0x000001eaabfa4910
 Prev Bits: [0x000001eabf480000, 0x000001eac1350000)
 Next Bits: [0x000001eac1350000, 0x000001eac3220000)

Polling page: 0x000001eaab000000

Metaspace:

Usage:
  Non-class:      4.50 MB used.
      Class:    387.64 KB used.
       Both:      4.88 MB used.

Virtual space:
  Non-class space:       64.00 MB reserved,       4.50 MB (  7%) committed,  1 nodes.
      Class space:        1.00 GB reserved,     448.00 KB ( <1%) committed,  1 nodes.
             Both:        1.06 GB reserved,       4.94 MB ( <1%) committed. 

Chunk freelists:
   Non-Class:  11.00 MB
       Class:  15.56 MB
        Both:  26.56 MB

MaxMetaspaceSize: unlimited
CompressedClassSpaceSize: 1.00 GB
Initial GC threshold: 21.00 MB
Current GC threshold: 21.00 MB
CDS: off
MetaspaceReclaimPolicy: balanced
 - commit_granule_bytes: 65536.
 - commit_granule_words: 8192.
 - virtual_space_node_default_size: 8388608.
 - enlarge_chunks_in_place: 1.
 - new_chunks_are_fully_committed: 0.
 - uncommit_free_chunks: 1.
 - use_allocation_guard: 0.
 - handle_deallocations: 1.


Internal statistics:

num_allocs_failed_limit: 0.
num_arena_births: 2.
num_arena_deaths: 0.
num_vsnodes_births: 2.
num_vsnodes_deaths: 0.
num_space_committed: 79.
num_space_uncommitted: 0.
num_chunks_returned_to_freelist: 0.
num_chunks_taken_from_freelist: 6.
num_chunk_merges: 0.
num_chunk_splits: 3.
num_chunks_enlarged: 0.
num_inconsistent_stats: 0.

CodeHeap 'non-profiled nmethods': size=120000Kb used=18Kb max_used=18Kb free=119981Kb
 bounds [0x000001eab7080000, 0x000001eab72f0000, 0x000001eabe5b0000]
CodeHeap 'profiled nmethods': size=120000Kb used=55Kb max_used=55Kb free=119944Kb
 bounds [0x000001eaaf5b0000, 0x000001eaaf820000, 0x000001eab6ae0000]
CodeHeap 'non-nmethods': size=5760Kb used=1156Kb max_used=1156Kb free=4603Kb
 bounds [0x000001eab6ae0000, 0x000001eab6d50000, 0x000001eab7080000]
 total_blobs=399 nmethods=54 adapters=258
 compilation: enabled
              stopped_count=0, restarted_count=0
 full_count=0

Compilation events (20 events):
Event: 1.429 Thread 0x000001eaca13fb00   31       3       jdk.internal.misc.Unsafe::getReferenceAcquire (7 bytes)
Event: 1.429 Thread 0x000001eaca13fb00 nmethod 31 0x000001eaaf5b8c10 code [0x000001eaaf5b8da0, 0x000001eaaf5b8ef8]
Event: 1.429 Thread 0x000001eaca13fb00   33       3       java.util.concurrent.ConcurrentHashMap::spread (10 bytes)
Event: 1.429 Thread 0x000001eaca13fb00 nmethod 33 0x000001eaaf5b8f90 code [0x000001eaaf5b9120, 0x000001eaaf5b9218]
Event: 1.429 Thread 0x000001eaca13fb00   34       3       java.util.ImmutableCollections$SetN$SetNIterator::next (90 bytes)
Event: 1.430 Thread 0x000001eaca13fb00 nmethod 34 0x000001eaaf5b9290 code [0x000001eaaf5b9460, 0x000001eaaf5b9768]
Event: 1.465 Thread 0x000001eaca13fb00   35       3       java.util.HashMap::hash (20 bytes)
Event: 1.465 Thread 0x000001eaca13fb00 nmethod 35 0x000001eaaf5b9910 code [0x000001eaaf5b9ac0, 0x000001eaaf5b9cc8]
Event: 1.480 Thread 0x000001eaca13fb00   37       1       java.lang.Enum::ordinal (5 bytes)
Event: 1.480 Thread 0x000001eaca13fb00 nmethod 37 0x000001eab7081890 code [0x000001eab7081a20, 0x000001eab7081af8]
Event: 1.485 Thread 0x000001eaca13fb00   42       3       java.util.concurrent.ConcurrentHashMap::addCount (280 bytes)
Event: 1.486 Thread 0x000001eaca13fb00 nmethod 42 0x000001eaaf5b9d90 code [0x000001eaaf5b9fe0, 0x000001eaaf5baa68]
Event: 1.487 Thread 0x000001eaca13fb00   44   !   3       java.util.concurrent.ConcurrentHashMap::putVal (432 bytes)
Event: 1.488 Thread 0x000001eaca13fb00 nmethod 44 0x000001eaaf5bae90 code [0x000001eaaf5bb220, 0x000001eaaf5bce48]
Event: 1.494 Thread 0x000001eaca13fb00   46       1       java.lang.Class::getClassLoader0 (5 bytes)
Event: 1.494 Thread 0x000001eaca13fb00 nmethod 46 0x000001eab7083090 code [0x000001eab7083220, 0x000001eab70832f8]
Event: 1.595 Thread 0x000001eaca13fb00   52       3       java.lang.StringLatin1::canEncode (13 bytes)
Event: 1.596 Thread 0x000001eaca13fb00 nmethod 52 0x000001eaaf5bd910 code [0x000001eaaf5bdaa0, 0x000001eaaf5bdbf8]
Event: 1.598 Thread 0x000001eaca13fb00   53       1       java.lang.invoke.MethodType::returnType (5 bytes)
Event: 1.598 Thread 0x000001eaca13fb00 nmethod 53 0x000001eab7084410 code [0x000001eab70845a0, 0x000001eab7084678]

GC Heap History (0 events):
No events

Dll operation events (1 events):
Event: 1.007 Loaded shared library C:\Users\laiho\.p2\pool\plugins\org.eclipse.justj.openjdk.hotspot.jre.full.win32.x86_64_17.0.8.v20230831-1047\jre\bin\java.dll

Deoptimization events (0 events):
No events

Classes unloaded (0 events):
No events

Classes redefined (0 events):
No events

Internal exceptions (0 events):
No events

VM Operations (0 events):
No events

Events (20 events):
Event: 1.601 loading class java/lang/invoke/DirectMethodHandle$2 done
Event: 1.601 loading class java/lang/invoke/DirectMethodHandle$Accessor
Event: 1.601 loading class java/lang/invoke/DirectMethodHandle$Accessor done
Event: 1.602 loading class java/lang/invoke/MethodHandleImpl$IntrinsicMethodHandle
Event: 1.602 loading class java/lang/invoke/DelegatingMethodHandle
Event: 1.602 loading class java/lang/invoke/DelegatingMethodHandle done
Event: 1.602 loading class java/lang/invoke/MethodHandleImpl$IntrinsicMethodHandle done
Event: 1.602 loading class java/lang/invoke/DelegatingMethodHandle$Holder
Event: 1.603 loading class java/lang/invoke/DelegatingMethodHandle$Holder done
Event: 1.603 loading class sun/invoke/util/Wrapper$1
Event: 1.603 loading class sun/invoke/util/Wrapper$1 done
Event: 1.603 loading class java/lang/invoke/LambdaFormEditor
Event: 1.604 loading class java/lang/invoke/LambdaFormEditor done
Event: 1.604 loading class java/lang/invoke/LambdaFormEditor$TransformKey
Event: 1.604 loading class java/lang/invoke/LambdaFormEditor$TransformKey done
Event: 1.604 loading class java/lang/invoke/LambdaFormBuffer
Event: 1.605 loading class java/lang/invoke/LambdaFormBuffer done
Event: 1.605 loading class java/lang/invoke/LambdaFormEditor$Transform
Event: 1.605 loading class java/lang/invoke/LambdaFormEditor$Transform done
Event: 1.605 loading class jdk/internal/org/objectweb/asm/Frame


Dynamic libraries:
0x00007ff758bf0000 - 0x00007ff758bfe000 	C:\Users\laiho\.p2\pool\plugins\org.eclipse.justj.openjdk.hotspot.jre.full.win32.x86_64_17.0.8.v20230831-1047\jre\bin\javaw.exe
0x00007ff8aeff0000 - 0x00007ff8af1e8000 	C:\WINDOWS\SYSTEM32\ntdll.dll
0x00007ff8ad770000 - 0x00007ff8ad82d000 	C:\WINDOWS\System32\KERNEL32.DLL
0x00007ff8ac9f0000 - 0x00007ff8acce6000 	C:\WINDOWS\System32\KERNELBASE.dll
0x00007ff8ace40000 - 0x00007ff8acf40000 	C:\WINDOWS\System32\ucrtbase.dll
0x00007ff8811a0000 - 0x00007ff8811b9000 	C:\Users\laiho\.p2\pool\plugins\org.eclipse.justj.openjdk.hotspot.jre.full.win32.x86_64_17.0.8.v20230831-1047\jre\bin\VCRUNTIME140.dll
0x00007ff881920000 - 0x00007ff881937000 	C:\Users\laiho\.p2\pool\plugins\org.eclipse.justj.openjdk.hotspot.jre.full.win32.x86_64_17.0.8.v20230831-1047\jre\bin\jli.dll
0x00007ff8aebc0000 - 0x00007ff8aed5e000 	C:\WINDOWS\System32\USER32.dll
0x00007ff8acf40000 - 0x00007ff8acf62000 	C:\WINDOWS\System32\win32u.dll
0x00007ff8ae680000 - 0x00007ff8ae6ac000 	C:\WINDOWS\System32\GDI32.dll
0x00007ff8acd20000 - 0x00007ff8ace3a000 	C:\WINDOWS\System32\gdi32full.dll
0x00007ff8ac6d0000 - 0x00007ff8ac76d000 	C:\WINDOWS\System32\msvcp_win.dll
0x00007ff8966e0000 - 0x00007ff89697a000 	C:\WINDOWS\WinSxS\amd64_microsoft.windows.common-controls_6595b64144ccf1df_6.0.19041.1110_none_60b5254171f9507e\COMCTL32.dll
0x00007ff8ae9c0000 - 0x00007ff8aea5e000 	C:\WINDOWS\System32\msvcrt.dll
0x00007ff8ad100000 - 0x00007ff8ad130000 	C:\WINDOWS\System32\IMM32.DLL
0x00007ff89b160000 - 0x00007ff89b2cb000 	C:\WINDOWS\system32\tmumh\20019\AddOn\8.55.0.1134\TmUmEvt64.dll
0x00007ff8aead0000 - 0x00007ff8aead8000 	C:\WINDOWS\System32\PSAPI.DLL
0x00007ff8ad050000 - 0x00007ff8ad0fe000 	C:\WINDOWS\System32\ADVAPI32.dll
0x00007ff8add20000 - 0x00007ff8addbc000 	C:\WINDOWS\System32\sechost.dll
0x00007ff8ae890000 - 0x00007ff8ae9b6000 	C:\WINDOWS\System32\RPCRT4.dll
0x000000006c100000 - 0x000000006c273000 	C:\WINDOWS\system32\tmumh\20019\TmMon\2.9.0.1052\tmmon64.dll
0x00007ff8a3c00000 - 0x00007ff8a3c0c000 	C:\Users\laiho\.p2\pool\plugins\org.eclipse.justj.openjdk.hotspot.jre.full.win32.x86_64_17.0.8.v20230831-1047\jre\bin\vcruntime140_1.dll
0x00007ff880830000 - 0x00007ff8808c1000 	C:\Users\laiho\.p2\pool\plugins\org.eclipse.justj.openjdk.hotspot.jre.full.win32.x86_64_17.0.8.v20230831-1047\jre\bin\msvcp140.dll
0x00007ff844a90000 - 0x00007ff8456dc000 	C:\Users\laiho\.p2\pool\plugins\org.eclipse.justj.openjdk.hotspot.jre.full.win32.x86_64_17.0.8.v20230831-1047\jre\bin\server\jvm.dll
0x00007ff8abc30000 - 0x00007ff8abc7b000 	C:\WINDOWS\SYSTEM32\POWRPROF.dll
0x00007ff8827d0000 - 0x00007ff8827d9000 	C:\WINDOWS\SYSTEM32\WSOCK32.dll
0x00007ff8aea60000 - 0x00007ff8aeacb000 	C:\WINDOWS\System32\WS2_32.dll
0x00007ff8988a0000 - 0x00007ff8988c7000 	C:\WINDOWS\SYSTEM32\WINMM.dll
0x00007ff89fc60000 - 0x00007ff89fc6a000 	C:\WINDOWS\SYSTEM32\VERSION.dll
0x00007ff8abaf0000 - 0x00007ff8abb02000 	C:\WINDOWS\SYSTEM32\UMPDC.dll
0x00007ff8aaef0000 - 0x00007ff8aaf02000 	C:\WINDOWS\SYSTEM32\kernel.appcore.dll
0x00007ff8a5690000 - 0x00007ff8a569a000 	C:\Users\laiho\.p2\pool\plugins\org.eclipse.justj.openjdk.hotspot.jre.full.win32.x86_64_17.0.8.v20230831-1047\jre\bin\jimage.dll
0x00007ff8aa270000 - 0x00007ff8aa454000 	C:\WINDOWS\SYSTEM32\DBGHELP.DLL
0x00007ff898eb0000 - 0x00007ff898ee4000 	C:\WINDOWS\SYSTEM32\dbgcore.DLL
0x00007ff8acf70000 - 0x00007ff8acff2000 	C:\WINDOWS\System32\bcryptPrimitives.dll
0x00007ff8796e0000 - 0x00007ff87971b000 	C:\Users\laiho\.p2\pool\plugins\org.eclipse.justj.openjdk.hotspot.jre.full.win32.x86_64_17.0.8.v20230831-1047\jre\bin\jdwp.dll
0x00007ff898900000 - 0x00007ff89890e000 	C:\Users\laiho\.p2\pool\plugins\org.eclipse.justj.openjdk.hotspot.jre.full.win32.x86_64_17.0.8.v20230831-1047\jre\bin\instrument.dll
0x00007ff88af10000 - 0x00007ff88af35000 	C:\Users\laiho\.p2\pool\plugins\org.eclipse.justj.openjdk.hotspot.jre.full.win32.x86_64_17.0.8.v20230831-1047\jre\bin\java.dll
0x00007ff896030000 - 0x00007ff896048000 	C:\Users\laiho\.p2\pool\plugins\org.eclipse.justj.openjdk.hotspot.jre.full.win32.x86_64_17.0.8.v20230831-1047\jre\bin\zip.dll
0x00007ff8addc0000 - 0x00007ff8ae505000 	C:\WINDOWS\System32\SHELL32.dll
0x00007ff8aa740000 - 0x00007ff8aaedb000 	C:\WINDOWS\SYSTEM32\windows.storage.dll
0x00007ff8ad400000 - 0x00007ff8ad754000 	C:\WINDOWS\System32\combase.dll
0x00007ff8ac110000 - 0x00007ff8ac13e000 	C:\WINDOWS\SYSTEM32\Wldp.dll
0x00007ff8ad2f0000 - 0x00007ff8ad39d000 	C:\WINDOWS\System32\SHCORE.dll
0x00007ff8ae6d0000 - 0x00007ff8ae725000 	C:\WINDOWS\System32\shlwapi.dll
0x00007ff8ac600000 - 0x00007ff8ac625000 	C:\WINDOWS\SYSTEM32\profapi.dll

dbghelp: loaded successfully - version: 4.0.5 - missing functions: none
symbol engine: initialized successfully - sym options: 0x614 - pdb path: .;C:\Users\laiho\.p2\pool\plugins\org.eclipse.justj.openjdk.hotspot.jre.full.win32.x86_64_17.0.8.v20230831-1047\jre\bin;C:\WINDOWS\SYSTEM32;C:\WINDOWS\WinSxS\amd64_microsoft.windows.common-controls_6595b64144ccf1df_6.0.19041.1110_none_60b5254171f9507e;C:\WINDOWS\system32\tmumh\20019\AddOn\8.55.0.1134;C:\WINDOWS\system32\tmumh\20019\TmMon\2.9.0.1052;C:\Users\laiho\.p2\pool\plugins\org.eclipse.justj.openjdk.hotspot.jre.full.win32.x86_64_17.0.8.v20230831-1047\jre\bin\server

VM Arguments:
jvm_args: -XX:+ShowCodeDetailsInExceptionMessages -agentlib:jdwp=transport=dt_socket,suspend=y,address=localhost:5633 -javaagent:C:\Users\laiho\eclipse\java-2023-06\eclipse\configuration\org.eclipse.osgi\248\0\.cp\lib\javaagent-shaded.jar -Dfile.encoding=UTF-8 --module-path=D:\DEDE\java\HW1\bin -Djdk.module.main=HW1 
java_command: HW1/CLASS1.Page28
java_class_path (initial): .;C:\Program Files (x86)\QuickTime\QTSystem\QTJava.zip
Launcher Type: SUN_STANDARD

[Global flags]
     intx CICompilerCount                          = 4                                         {product} {ergonomic}
     uint ConcGCThreads                            = 2                                         {product} {ergonomic}
     uint G1ConcRefinementThreads                  = 8                                         {product} {ergonomic}
   size_t G1HeapRegionSize                         = 1048576                                   {product} {ergonomic}
    uintx GCDrainStackTargetSize                   = 64                                        {product} {ergonomic}
   size_t InitialHeapSize                          = 130023424                                 {product} {ergonomic}
   size_t MarkStackSize                            = 4194304                                   {product} {ergonomic}
   size_t MaxHeapSize                              = 2067791872                                {product} {ergonomic}
   size_t MaxNewSize                               = 1240465408                                {product} {ergonomic}
   size_t MinHeapDeltaBytes                        = 1048576                                   {product} {ergonomic}
   size_t MinHeapSize                              = 8388608                                   {product} {ergonomic}
    uintx NonNMethodCodeHeapSize                   = 5839372                                {pd product} {ergonomic}
    uintx NonProfiledCodeHeapSize                  = 122909434                              {pd product} {ergonomic}
    uintx ProfiledCodeHeapSize                     = 122909434                              {pd product} {ergonomic}
    uintx ReservedCodeCacheSize                    = 251658240                              {pd product} {ergonomic}
     bool SegmentedCodeCache                       = true                                      {product} {ergonomic}
     bool ShowCodeDetailsInExceptionMessages       = true                                   {manageable} {command line}
   size_t SoftMaxHeapSize                          = 2067791872                             {manageable} {ergonomic}
     bool UseCompressedClassPointers               = true                           {product lp64_product} {ergonomic}
     bool UseCompressedOops                        = true                           {product lp64_product} {ergonomic}
     bool UseG1GC                                  = true                                      {product} {ergonomic}
     bool UseLargePagesIndividualAllocation        = false                                  {pd product} {ergonomic}

Logging:
Log output configuration:
 #0: stdout all=warning uptime,level,tags
 #1: stderr all=off uptime,level,tags

Environment Variables:
CLASSPATH=.;C:\Program Files (x86)\QuickTime\QTSystem\QTJava.zip
PATH=C:\Users\laiho\.p2\pool\plugins\org.eclipse.justj.openjdk.hotspot.jre.full.win32.x86_64_17.0.8.v20230831-1047\jre\bin;C:/Users/laiho/.p2/pool/plugins/org.eclipse.justj.openjdk.hotspot.jre.full.win32.x86_64_17.0.8.v20230831-1047/jre/bin/server;C:/Users/laiho/.p2/pool/plugins/org.eclipse.justj.openjdk.hotspot.jre.full.win32.x86_64_17.0.8.v20230831-1047/jre/bin;C:\Windows\system32;C:\Windows;C:\Windows\System32\Wbem;C:\Windows\System32\WindowsPowerShell\v1.0\;C:\Windows\System32\OpenSSH\;C:\Program Files (x86)\NVIDIA Corporation\PhysX\Common;C:\Program Files\NVIDIA Corporation\NVIDIA NvDLISR;C:\WINDOWS\system32;C:\WINDOWS;C:\WINDOWS\System32\Wbem;C:\WINDOWS\System32\WindowsPowerShell\v1.0\;C:\WINDOWS\System32\OpenSSH\;C:\Program Files\Git\cmd;C:\Program Files\dotnet\;C:\Program Files\MATLAB\R2023a\bin;C:\Program Files (x86)\QuickTime\QTSystem\;C:\Program Files (x86)\IVI Foundation\VISA\WinNT\Bin\;C:\Program Files\IVI Foundation\VISA\Win64\Bin\;C:\Program Files (x86)\IVI Foundation\VISA\WinNT\Bin;C:\Users\laiho\AppData\Local\Microsoft\WindowsApps;;C:\Users\laiho\AppData\Local\Programs\Microsoft VS Code\bin;C:\altera\13.1\modelsim_ase\win32aloem;C:\WINDOWS\system32;
USERNAME=laiho
OS=Windows_NT
PROCESSOR_IDENTIFIER=Intel64 Family 6 Model 140 Stepping 1, GenuineIntel
TMP=C:\Users\laiho\AppData\Local\Temp
TEMP=C:\Users\laiho\AppData\Local\Temp



---------------  S Y S T E M  ---------------

OS:
 Windows 10 , 64 bit Build 19041 (10.0.19041.3393)
OS uptime: 0 days 1:28 hours

CPU: total 8 (initial active 8) (4 cores per cpu, 2 threads per core) family 6 model 140 stepping 1 microcode 0x86, cx8, cmov, fxsr, ht, mmx, 3dnowpref, sse, sse2, sse3, ssse3, sse4.1, sse4.2, popcnt, lzcnt, tsc, tscinvbit, avx, avx2, aes, erms, clmul, bmi1, bmi2, adx, avx512f, avx512dq, avx512cd, avx512bw, avx512vl, sha, fma, vzeroupper, avx512_vpopcntdq, avx512_vpclmulqdq, avx512_vaes, avx512_vnni, clflush, clflushopt, clwb, avx512_vbmi2, avx512_vbmi
Processor Information for processor 0
  Max Mhz: 3110, Current Mhz: 3110, Mhz Limit: 3110
Processor Information for processor 1
  Max Mhz: 3110, Current Mhz: 3110, Mhz Limit: 3110
Processor Information for processor 2
  Max Mhz: 3110, Current Mhz: 902, Mhz Limit: 3110
Processor Information for processor 3
  Max Mhz: 3110, Current Mhz: 902, Mhz Limit: 3110
Processor Information for processor 4
  Max Mhz: 3110, Current Mhz: 902, Mhz Limit: 3110
Processor Information for processor 5
  Max Mhz: 3110, Current Mhz: 3110, Mhz Limit: 3110
Processor Information for processor 6
  Max Mhz: 3110, Current Mhz: 902, Mhz Limit: 3110
Processor Information for processor 7
  Max Mhz: 3110, Current Mhz: 3110, Mhz Limit: 3110

Memory: 4k page, system-wide physical 7883M (69M free)
TotalPageFile size 32459M (AvailPageFile size 639M)
current process WorkingSet (physical memory assigned to process): 33M, peak: 33M
current process commit charge ("private bytes"): 201M, peak: 201M

vm_info: OpenJDK 64-Bit Server VM (17.0.8.1+1) for windows-amd64 JRE (17.0.8.1+1), built on Aug 23 2023 15:29:17 by "admin" with MS VC++ 16.7 (VS2019)

END.
